#
# There is insufficient memory for the Java Runtime Environment to continue.
# Native memory allocation (malloc) failed to allocate 32744 bytes. Error detail: ChunkPool::allocate
# Possible reasons:
#   The system is out of physical RAM or swap space
#   This process is running with CompressedOops enabled, and the Java Heap may be blocking the growth of the native heap
# Possible solutions:
#   Reduce memory load on the system
#   Increase physical memory or swap space
#   Check if swap backing store is full
#   Decrease Java heap size (-Xmx/-Xms)
#   Decrease number of Java threads
#   Decrease Java thread stack sizes (-Xss)
#   Set larger code cache with -XX:ReservedCodeCacheSize=
#   JVM is running with Unscaled Compressed Oops mode in which the Java heap is
#     placed in the first 4GB address space. The Java Heap base address is the
#     maximum limit for the native heap growth. Please use -XX:HeapBaseMinAddress
#     to set the Java Heap base and to place the Java Heap above 4GB virtual address.
# This output file may be truncated or incomplete.
#
#  Out of Memory Error (arena.cpp:79), pid=14536, tid=13508
#
# JRE version: OpenJDK Runtime Environment (17.0.11) (build 17.0.11+0--11852314)
# Java VM: OpenJDK 64-Bit Server VM (17.0.11+0--11852314, mixed mode, tiered, compressed oops, compressed class ptrs, g1 gc, windows-amd64)
# No core dump will be written. Minidumps are not enabled by default on client versions of Windows
#

---------------  S U M M A R Y ------------

Command Line: --add-opens=java.base/java.util=ALL-UNNAMED --add-opens=java.base/java.lang=ALL-UNNAMED --add-opens=java.base/java.lang.invoke=ALL-UNNAMED --add-opens=java.prefs/java.util.prefs=ALL-UNNAMED --add-opens=java.base/java.nio.charset=ALL-UNNAMED --add-opens=java.base/java.net=ALL-UNNAMED --add-opens=java.base/java.util.concurrent.atomic=ALL-UNNAMED -Xmx2048m -Dfile.encoding=UTF-8 -Duser.country=RU -Duser.language=ru -Duser.variant -javaagent:C:\Users\sasha\.gradle\wrapper\dists\gradle-8.7-bin\bhs2wmbdwecv87pi65oeuq5iu\gradle-8.7\lib\agents\gradle-instrumentation-agent-8.7.jar org.gradle.launcher.daemon.bootstrap.GradleDaemon 8.7

Host: AMD Ryzen 5 5500U with Radeon Graphics         , 12 cores, 3G,  Windows 11 , 64 bit Build 22621 (10.0.22621.4391)
Time: Mon Dec 16 10:44:29 2024 RTZ 2 (s 11 , 64 bit Build 22621 (10.0.22621.4391) elapsed time: 154.247883 seconds (0d 0h 2m 34s)

---------------  T H R E A D  ---------------

Current thread (0x00000253e54b34f0):  JavaThread "C2 CompilerThread0" daemon [_thread_in_native, id=13508, stack(0x0000005884800000,0x0000005884900000)]


Current CompileTask:
C2: 154249 17634       4       org.gradle.api.internal.classpath.DefaultModuleRegistry$DefaultModule::collectRequiredModules (99 bytes)

Stack: [0x0000005884800000,0x0000005884900000]
Native frames: (J=compiled Java code, j=interpreted, Vv=VM code, C=native code)
V  [jvm.dll+0x687bb9]
V  [jvm.dll+0x84142a]
V  [jvm.dll+0x8430ae]
V  [jvm.dll+0x843713]
V  [jvm.dll+0x24a35f]
V  [jvm.dll+0xac741]
V  [jvm.dll+0xacb8c]
V  [jvm.dll+0x1202b8]
V  [jvm.dll+0x6b14e1]
V  [jvm.dll+0x1be3de]
V  [jvm.dll+0x21c029]
V  [jvm.dll+0x21b311]
V  [jvm.dll+0x1a63ed]
V  [jvm.dll+0x22b1ee]
V  [jvm.dll+0x229375]
V  [jvm.dll+0x7f5647]
V  [jvm.dll+0x7efa4a]
V  [jvm.dll+0x686a35]
C  [ucrtbase.dll+0x29333]
C  [KERNEL32.DLL+0x1259d]
C  [ntdll.dll+0x5af38]


---------------  P R O C E S S  ---------------

Threads class SMR info:
_java_thread_list=0x00000253ee4645b0, length=42, elements={
0x00000253c90ac5d0, 0x00000253e4a8f170, 0x00000253e4a8fff0, 0x00000253e548f260,
0x00000253e548fc30, 0x00000253e54b0010, 0x00000253e54b28f0, 0x00000253e54b34f0,
0x00000253e54b3fa0, 0x00000253e54b76f0, 0x00000253e565ab20, 0x00000253e56596e0,
0x00000253e56587b0, 0x00000253e5658cc0, 0x00000253e5659bf0, 0x00000253e565a100,
0x00000253e565b540, 0x00000253eb4d0340, 0x00000253eb4d26b0, 0x00000253eb4d1c90,
0x00000253eb4cef00, 0x00000253eb4cdac0, 0x00000253eb4d35e0, 0x00000253ede642c0,
0x00000253f4282310, 0x00000253ee72f980, 0x00000253ec181090, 0x00000253ee72c1d0,
0x00000253ecbae800, 0x00000253f41ad740, 0x00000253ec181ab0, 0x00000253ec1815a0,
0x00000253ecbaed10, 0x00000253f4819e70, 0x00000253f481a890, 0x00000253f481b2b0,
0x00000253f481ada0, 0x00000253f4818f40, 0x00000253eeecde80, 0x00000253eeece8a0,
0x00000253eeecd460, 0x00000253ee7c4e00
}

Java Threads: ( => current thread )
  0x00000253c90ac5d0 JavaThread "main" [_thread_blocked, id=14956, stack(0x0000005883b00000,0x0000005883c00000)]
  0x00000253e4a8f170 JavaThread "Reference Handler" daemon [_thread_blocked, id=6964, stack(0x0000005884200000,0x0000005884300000)]
  0x00000253e4a8fff0 JavaThread "Finalizer" daemon [_thread_blocked, id=16000, stack(0x0000005884300000,0x0000005884400000)]
  0x00000253e548f260 JavaThread "Signal Dispatcher" daemon [_thread_blocked, id=16232, stack(0x0000005884400000,0x0000005884500000)]
  0x00000253e548fc30 JavaThread "Attach Listener" daemon [_thread_blocked, id=15300, stack(0x0000005884500000,0x0000005884600000)]
  0x00000253e54b0010 JavaThread "Service Thread" daemon [_thread_blocked, id=6112, stack(0x0000005884600000,0x0000005884700000)]
  0x00000253e54b28f0 JavaThread "Monitor Deflation Thread" daemon [_thread_blocked, id=16132, stack(0x0000005884700000,0x0000005884800000)]
=>0x00000253e54b34f0 JavaThread "C2 CompilerThread0" daemon [_thread_in_native, id=13508, stack(0x0000005884800000,0x0000005884900000)]
  0x00000253e54b3fa0 JavaThread "C1 CompilerThread0" daemon [_thread_blocked, id=15472, stack(0x0000005884900000,0x0000005884a00000)]
  0x00000253e54b76f0 JavaThread "Sweeper thread" daemon [_thread_blocked, id=10572, stack(0x0000005884a00000,0x0000005884b00000)]
  0x00000253e565ab20 JavaThread "Common-Cleaner" daemon [_thread_blocked, id=17168, stack(0x0000005884b00000,0x0000005884c00000)]
  0x00000253e56596e0 JavaThread "Notification Thread" daemon [_thread_blocked, id=6460, stack(0x0000005884c00000,0x0000005884d00000)]
  0x00000253e56587b0 JavaThread "Daemon health stats" [_thread_blocked, id=3680, stack(0x0000005885200000,0x0000005885300000)]
  0x00000253e5658cc0 JavaThread "Incoming local TCP Connector on port 62650" [_thread_in_native, id=3712, stack(0x0000005885300000,0x0000005885400000)]
  0x00000253e5659bf0 JavaThread "Daemon periodic checks" [_thread_blocked, id=6572, stack(0x0000005885900000,0x0000005885a00000)]
  0x00000253e565a100 JavaThread "Daemon" [_thread_blocked, id=12068, stack(0x0000005885a00000,0x0000005885b00000)]
  0x00000253e565b540 JavaThread "Daemon worker" [_thread_in_Java, id=3112, stack(0x0000005885d00000,0x0000005885e00000)]
  0x00000253eb4d0340 JavaThread "Cache worker for journal cache (C:\Users\sasha\.gradle\caches\journal-1)" [_thread_blocked, id=15552, stack(0x0000005886300000,0x0000005886400000)]
  0x00000253eb4d26b0 JavaThread "File lock request listener" [_thread_in_native, id=10188, stack(0x0000005886400000,0x0000005886500000)]
  0x00000253eb4d1c90 JavaThread "Cache worker for file hash cache (C:\Users\sasha\.gradle\caches\8.7\fileHashes)" [_thread_blocked, id=3164, stack(0x0000005886500000,0x0000005886600000)]
  0x00000253eb4cef00 JavaThread "File watcher server" daemon [_thread_in_native, id=1696, stack(0x0000005886900000,0x0000005886a00000)]
  0x00000253eb4cdac0 JavaThread "File watcher consumer" daemon [_thread_blocked, id=12272, stack(0x0000005886a00000,0x0000005886b00000)]
  0x00000253eb4d35e0 JavaThread "Cache worker for file content cache (C:\Users\sasha\.gradle\caches\8.7\fileContent)" [_thread_blocked, id=16624, stack(0x0000005886e00000,0x0000005886f00000)]
  0x00000253ede642c0 JavaThread "Memory manager" [_thread_blocked, id=3896, stack(0x0000005888700000,0x0000005888800000)]
  0x00000253f4282310 JavaThread "Cache worker for Java compile cache (C:\Users\sasha\.gradle\caches\8.7\javaCompile)" [_thread_blocked, id=3384, stack(0x0000005890000000,0x0000005890100000)]
  0x00000253ee72f980 JavaThread "ForkJoinPool.commonPool-worker-1" daemon [_thread_blocked, id=14252, stack(0x0000005889500000,0x0000005889600000)]
  0x00000253ec181090 JavaThread "ForkJoinPool.commonPool-worker-2" daemon [_thread_blocked, id=11296, stack(0x0000005891400000,0x0000005891500000)]
  0x00000253ee72c1d0 JavaThread "ForkJoinPool.commonPool-worker-3" daemon [_thread_blocked, id=16276, stack(0x0000005891500000,0x0000005891600000)]
  0x00000253ecbae800 JavaThread "ForkJoinPool.commonPool-worker-4" daemon [_thread_blocked, id=11664, stack(0x0000005891600000,0x0000005891700000)]
  0x00000253f41ad740 JavaThread "ForkJoinPool.commonPool-worker-5" daemon [_thread_blocked, id=5144, stack(0x0000005891700000,0x0000005891800000)]
  0x00000253ec181ab0 JavaThread "ForkJoinPool.commonPool-worker-7" daemon [_thread_blocked, id=6428, stack(0x0000005891900000,0x0000005891a00000)]
  0x00000253ec1815a0 JavaThread "ForkJoinPool.commonPool-worker-8" daemon [_thread_blocked, id=16496, stack(0x0000005891a00000,0x0000005891b00000)]
  0x00000253ecbaed10 JavaThread "ForkJoinPool.commonPool-worker-9" daemon [_thread_blocked, id=12784, stack(0x0000005891b00000,0x0000005891c00000)]
  0x00000253f4819e70 JavaThread "Handler for socket connection from /127.0.0.1:62650 to /127.0.0.1:62675" [_thread_in_native, id=10060, stack(0x0000005883900000,0x0000005883a00000)]
  0x00000253f481a890 JavaThread "Cancel handler" [_thread_blocked, id=15384, stack(0x0000005883a00000,0x0000005883b00000)]
  0x00000253f481b2b0 JavaThread "Asynchronous log dispatcher for DefaultDaemonConnection: socket connection from /127.0.0.1:62650 to /127.0.0.1:62675" [_thread_blocked, id=13624, stack(0x0000005885b00000,0x0000005885c00000)]
  0x00000253f481ada0 JavaThread "Stdin handler" [_thread_blocked, id=10904, stack(0x0000005885c00000,0x0000005885d00000)]
  0x00000253f4818f40 JavaThread "Daemon client event forwarder" [_thread_blocked, id=7304, stack(0x0000005885e00000,0x0000005885f00000)]
  0x00000253eeecde80 JavaThread "Cache worker for file hash cache (C:\Users\sasha\AndroidStudioProjects\lab683\.gradle\8.7\fileHashes)" [_thread_blocked, id=15924, stack(0x0000005885f00000,0x0000005886000000)]
  0x00000253eeece8a0 JavaThread "Cache worker for checksums cache (C:\Users\sasha\AndroidStudioProjects\lab683\.gradle\8.7\checksums)" [_thread_blocked, id=15964, stack(0x0000005883800000,0x0000005883900000)]
  0x00000253eeecd460 JavaThread "Cache worker for cache directory md-supplier (C:\Users\sasha\.gradle\caches\8.7\md-supplier)" [_thread_blocked, id=12940, stack(0x0000005886000000,0x0000005886100000)]
  0x00000253ee7c4e00 JavaThread "Cache worker for cache directory md-rule (C:\Users\sasha\.gradle\caches\8.7\md-rule)" [_thread_blocked, id=8444, stack(0x0000005886600000,0x0000005886700000)]

Other Threads:
  0x00000253e4aa5bb0 VMThread "VM Thread" [stack: 0x0000005884100000,0x0000005884200000] [id=11144]
  0x00000253e5819a70 WatcherThread [stack: 0x0000005884d00000,0x0000005884e00000] [id=12680]
  0x00000253c9107c90 GCTaskThread "GC Thread#0" [stack: 0x0000005883c00000,0x0000005883d00000] [id=14324]
  0x00000253eac27040 GCTaskThread "GC Thread#1" [stack: 0x0000005884e00000,0x0000005884f00000] [id=15224]
  0x00000253eab25bc0 GCTaskThread "GC Thread#2" [stack: 0x0000005884f00000,0x0000005885000000] [id=17244]
  0x00000253ea404000 GCTaskThread "GC Thread#3" [stack: 0x0000005885000000,0x0000005885100000] [id=9276]
  0x00000253eacc5280 GCTaskThread "GC Thread#4" [stack: 0x0000005885100000,0x0000005885200000] [id=10960]
  0x00000253eb995d10 GCTaskThread "GC Thread#5" [stack: 0x0000005885400000,0x0000005885500000] [id=14316]
  0x00000253eae53b70 GCTaskThread "GC Thread#6" [stack: 0x0000005885500000,0x0000005885600000] [id=15388]
  0x00000253eb35de90 GCTaskThread "GC Thread#7" [stack: 0x0000005885600000,0x0000005885700000] [id=10100]
  0x00000253eb2b4ca0 GCTaskThread "GC Thread#8" [stack: 0x0000005885700000,0x0000005885800000] [id=3216]
  0x00000253eb2b4f60 GCTaskThread "GC Thread#9" [stack: 0x0000005885800000,0x0000005885900000] [id=9700]
  0x00000253c9118be0 ConcurrentGCThread "G1 Main Marker" [stack: 0x0000005883d00000,0x0000005883e00000] [id=13664]
  0x00000253c9119600 ConcurrentGCThread "G1 Conc#0" [stack: 0x0000005883e00000,0x0000005883f00000] [id=12468]
  0x00000253ea3d0570 ConcurrentGCThread "G1 Conc#1" [stack: 0x0000005886100000,0x0000005886200000] [id=17004]
  0x00000253e5531690 ConcurrentGCThread "G1 Conc#2" [stack: 0x0000005886200000,0x0000005886300000] [id=13684]
  0x00000253c914b7e0 ConcurrentGCThread "G1 Refine#0" [stack: 0x0000005883f00000,0x0000005884000000] [id=15880]
  0x00000253ef51db70 ConcurrentGCThread "G1 Refine#1" [stack: 0x000000588a900000,0x000000588aa00000] [id=16780]
  0x00000253ee851610 ConcurrentGCThread "G1 Refine#2" [stack: 0x000000588aa00000,0x000000588ab00000] [id=15104]
  0x00000253ed3cb4f0 ConcurrentGCThread "G1 Refine#3" [stack: 0x000000588ab00000,0x000000588ac00000] [id=15448]
  0x00000253ef557750 ConcurrentGCThread "G1 Refine#4" [stack: 0x000000588ac00000,0x000000588ad00000] [id=16848]
  0x00000253c914c210 ConcurrentGCThread "G1 Service" [stack: 0x0000005884000000,0x0000005884100000] [id=15372]

Threads with active compile tasks:
C2 CompilerThread0   154415 17634       4       org.gradle.api.internal.classpath.DefaultModuleRegistry$DefaultModule::collectRequiredModules (99 bytes)
C1 CompilerThread0   154415 17650       3       org.gradle.internal.typeconversion.NotationParserBuilder::create (93 bytes)

VM state: not at safepoint (normal execution)

VM Mutex/Monitor currently owned by a thread:  ([mutex/lock_event])
[0x00000253c8f1d070] CodeCache_lock - owner thread: 0x00000253e54b3fa0
[0x00000253c90a7a40] Compile_lock - owner thread: 0x00000253e54b3fa0
[0x00000253c90a74a0] MethodCompileQueue_lock - owner thread: 0x00000253e54b3fa0

Heap address: 0x0000000080000000, size: 2048 MB, Compressed Oops mode: 32-bit

CDS archive(s) not mapped
Compressed class space mapped at: 0x0000000100000000-0x0000000140000000, reserved size: 1073741824
Narrow klass base: 0x0000000000000000, Narrow klass shift: 3, Narrow klass range: 0x140000000

GC Precious Log:
 CPUs: 12 total, 12 available
 Memory: 3484M
 Large Page Support: Disabled
 NUMA Support: Disabled
 Compressed Oops: Enabled (32-bit)
 Heap Region Size: 1M
 Heap Min Capacity: 8M
 Heap Initial Capacity: 56M
 Heap Max Capacity: 2G
 Pre-touch: Disabled
 Parallel Workers: 10
 Concurrent Workers: 3
 Concurrent Refinement Workers: 10
 Periodic GC: Disabled

Heap:
 garbage-first heap   total 261120K, used 180756K [0x0000000080000000, 0x0000000100000000)
  region size 1024K, 33 young (33792K), 3 survivors (3072K)
 Metaspace       used 135043K, committed 136000K, reserved 1179648K
  class space    used 19078K, committed 19520K, reserved 1048576K

Heap Regions: E=young(eden), S=young(survivor), O=old, HS=humongous(starts), HC=humongous(continues), CS=collection set, F=free, OA=open archive, CA=closed archive, TAMS=top-at-mark-start (previous, next)
|   0|0x0000000080000000, 0x0000000080100000, 0x0000000080100000|100%|HS|  |TAMS 0x0000000080100000, 0x0000000080000000| Complete 
|   1|0x0000000080100000, 0x0000000080200000, 0x0000000080200000|100%|HC|  |TAMS 0x0000000080200000, 0x0000000080100000| Complete 
|   2|0x0000000080200000, 0x0000000080300000, 0x0000000080300000|100%|HC|  |TAMS 0x0000000080300000, 0x0000000080200000| Complete 
|   3|0x0000000080300000, 0x0000000080400000, 0x0000000080400000|100%|HC|  |TAMS 0x0000000080400000, 0x0000000080300000| Complete 
|   4|0x0000000080400000, 0x0000000080500000, 0x0000000080500000|100%| O|  |TAMS 0x0000000080500000, 0x0000000080400000| Untracked 
|   5|0x0000000080500000, 0x0000000080600000, 0x0000000080600000|100%| O|  |TAMS 0x0000000080600000, 0x0000000080500000| Untracked 
|   6|0x0000000080600000, 0x0000000080700000, 0x0000000080700000|100%| O|  |TAMS 0x0000000080700000, 0x0000000080600000| Untracked 
|   7|0x0000000080700000, 0x0000000080800000, 0x0000000080800000|100%| O|  |TAMS 0x0000000080800000, 0x0000000080700000| Untracked 
|   8|0x0000000080800000, 0x0000000080900000, 0x0000000080900000|100%| O|  |TAMS 0x0000000080900000, 0x0000000080800000| Untracked 
|   9|0x0000000080900000, 0x0000000080a00000, 0x0000000080a00000|100%| O|  |TAMS 0x0000000080a00000, 0x0000000080900000| Untracked 
|  10|0x0000000080a00000, 0x0000000080b00000, 0x0000000080b00000|100%| O|  |TAMS 0x0000000080b00000, 0x0000000080a00000| Untracked 
|  11|0x0000000080b00000, 0x0000000080c00000, 0x0000000080c00000|100%| O|  |TAMS 0x0000000080c00000, 0x0000000080b00000| Untracked 
|  12|0x0000000080c00000, 0x0000000080d00000, 0x0000000080d00000|100%| O|  |TAMS 0x0000000080d00000, 0x0000000080c00000| Untracked 
|  13|0x0000000080d00000, 0x0000000080e00000, 0x0000000080e00000|100%| O|  |TAMS 0x0000000080e00000, 0x0000000080d00000| Untracked 
|  14|0x0000000080e00000, 0x0000000080f00000, 0x0000000080f00000|100%| O|  |TAMS 0x0000000080f00000, 0x0000000080e00000| Untracked 
|  15|0x0000000080f00000, 0x0000000081000000, 0x0000000081000000|100%| O|  |TAMS 0x0000000081000000, 0x0000000080f00000| Untracked 
|  16|0x0000000081000000, 0x0000000081100000, 0x0000000081100000|100%| O|  |TAMS 0x0000000081100000, 0x0000000081000000| Untracked 
|  17|0x0000000081100000, 0x0000000081200000, 0x0000000081200000|100%| O|  |TAMS 0x0000000081200000, 0x0000000081100000| Untracked 
|  18|0x0000000081200000, 0x0000000081300000, 0x0000000081300000|100%| O|  |TAMS 0x0000000081300000, 0x0000000081200000| Untracked 
|  19|0x0000000081300000, 0x0000000081400000, 0x0000000081400000|100%| O|  |TAMS 0x0000000081400000, 0x0000000081300000| Untracked 
|  20|0x0000000081400000, 0x0000000081500000, 0x0000000081500000|100%| O|  |TAMS 0x0000000081500000, 0x0000000081400000| Untracked 
|  21|0x0000000081500000, 0x0000000081600000, 0x0000000081600000|100%| O|  |TAMS 0x0000000081600000, 0x0000000081500000| Untracked 
|  22|0x0000000081600000, 0x0000000081700000, 0x0000000081700000|100%| O|  |TAMS 0x0000000081700000, 0x0000000081600000| Untracked 
|  23|0x0000000081700000, 0x0000000081800000, 0x0000000081800000|100%| O|  |TAMS 0x0000000081800000, 0x0000000081700000| Untracked 
|  24|0x0000000081800000, 0x0000000081900000, 0x0000000081900000|100%| O|  |TAMS 0x0000000081900000, 0x0000000081800000| Untracked 
|  25|0x0000000081900000, 0x0000000081a00000, 0x0000000081a00000|100%| O|  |TAMS 0x0000000081a00000, 0x0000000081900000| Untracked 
|  26|0x0000000081a00000, 0x0000000081b00000, 0x0000000081b00000|100%| O|  |TAMS 0x0000000081b00000, 0x0000000081a00000| Untracked 
|  27|0x0000000081b00000, 0x0000000081c00000, 0x0000000081c00000|100%| O|  |TAMS 0x0000000081c00000, 0x0000000081b00000| Untracked 
|  28|0x0000000081c00000, 0x0000000081d00000, 0x0000000081d00000|100%| O|  |TAMS 0x0000000081d00000, 0x0000000081c00000| Untracked 
|  29|0x0000000081d00000, 0x0000000081e00000, 0x0000000081e00000|100%|HS|  |TAMS 0x0000000081e00000, 0x0000000081d00000| Complete 
|  30|0x0000000081e00000, 0x0000000081f00000, 0x0000000081f00000|100%| O|  |TAMS 0x0000000081f00000, 0x0000000081e00000| Untracked 
|  31|0x0000000081f00000, 0x0000000082000000, 0x0000000082000000|100%| O|  |TAMS 0x0000000082000000, 0x0000000081f00000| Untracked 
|  32|0x0000000082000000, 0x0000000082100000, 0x0000000082100000|100%| O|  |TAMS 0x0000000082100000, 0x0000000082000000| Untracked 
|  33|0x0000000082100000, 0x0000000082200000, 0x0000000082200000|100%| O|  |TAMS 0x0000000082200000, 0x0000000082100000| Untracked 
|  34|0x0000000082200000, 0x0000000082300000, 0x0000000082300000|100%| O|  |TAMS 0x0000000082300000, 0x0000000082200000| Untracked 
|  35|0x0000000082300000, 0x0000000082400000, 0x0000000082400000|100%| O|  |TAMS 0x0000000082400000, 0x0000000082300000| Untracked 
|  36|0x0000000082400000, 0x0000000082500000, 0x0000000082500000|100%| O|  |TAMS 0x0000000082500000, 0x0000000082400000| Untracked 
|  37|0x0000000082500000, 0x0000000082600000, 0x0000000082600000|100%| O|  |TAMS 0x0000000082500000, 0x0000000082500000| Untracked 
|  38|0x0000000082600000, 0x0000000082700000, 0x0000000082700000|100%| O|  |TAMS 0x0000000082600000, 0x0000000082600000| Untracked 
|  39|0x0000000082700000, 0x0000000082800000, 0x0000000082800000|100%|HS|  |TAMS 0x0000000082800000, 0x0000000082700000| Complete 
|  40|0x0000000082800000, 0x0000000082900000, 0x0000000082900000|100%|HS|  |TAMS 0x0000000082900000, 0x0000000082800000| Complete 
|  41|0x0000000082900000, 0x0000000082a00000, 0x0000000082a00000|100%|HS|  |TAMS 0x0000000082a00000, 0x0000000082900000| Complete 
|  42|0x0000000082a00000, 0x0000000082b00000, 0x0000000082b00000|100%|HS|  |TAMS 0x0000000082b00000, 0x0000000082a00000| Complete 
|  43|0x0000000082b00000, 0x0000000082c00000, 0x0000000082c00000|100%| O|  |TAMS 0x0000000082c00000, 0x0000000082b00000| Untracked 
|  44|0x0000000082c00000, 0x0000000082d00000, 0x0000000082d00000|100%|HS|  |TAMS 0x0000000082d00000, 0x0000000082c00000| Complete 
|  45|0x0000000082d00000, 0x0000000082e00000, 0x0000000082e00000|100%| O|  |TAMS 0x0000000082e00000, 0x0000000082d00000| Untracked 
|  46|0x0000000082e00000, 0x0000000082f00000, 0x0000000082f00000|100%| O|  |TAMS 0x0000000082f00000, 0x0000000082e00000| Untracked 
|  47|0x0000000082f00000, 0x0000000083000000, 0x0000000083000000|100%| O|  |TAMS 0x0000000083000000, 0x0000000082f00000| Untracked 
|  48|0x0000000083000000, 0x0000000083100000, 0x0000000083100000|100%| O|  |TAMS 0x0000000083100000, 0x0000000083000000| Untracked 
|  49|0x0000000083100000, 0x0000000083200000, 0x0000000083200000|100%| O|  |TAMS 0x0000000083200000, 0x0000000083100000| Untracked 
|  50|0x0000000083200000, 0x0000000083300000, 0x0000000083300000|100%| O|  |TAMS 0x0000000083300000, 0x0000000083200000| Untracked 
|  51|0x0000000083300000, 0x0000000083400000, 0x0000000083400000|100%| O|  |TAMS 0x0000000083400000, 0x0000000083300000| Untracked 
|  52|0x0000000083400000, 0x0000000083500000, 0x0000000083500000|100%| O|  |TAMS 0x0000000083500000, 0x0000000083400000| Untracked 
|  53|0x0000000083500000, 0x0000000083600000, 0x0000000083600000|100%| O|  |TAMS 0x0000000083600000, 0x0000000083500000| Untracked 
|  54|0x0000000083600000, 0x0000000083700000, 0x0000000083700000|100%| O|  |TAMS 0x0000000083700000, 0x0000000083600000| Untracked 
|  55|0x0000000083700000, 0x0000000083800000, 0x0000000083800000|100%| O|  |TAMS 0x0000000083800000, 0x0000000083700000| Untracked 
|  56|0x0000000083800000, 0x0000000083900000, 0x0000000083900000|100%| O|  |TAMS 0x0000000083900000, 0x0000000083800000| Untracked 
|  57|0x0000000083900000, 0x0000000083a00000, 0x0000000083a00000|100%|HS|  |TAMS 0x0000000083a00000, 0x0000000083900000| Complete 
|  58|0x0000000083a00000, 0x0000000083b00000, 0x0000000083b00000|100%| O|  |TAMS 0x0000000083b00000, 0x0000000083a00000| Untracked 
|  59|0x0000000083b00000, 0x0000000083c00000, 0x0000000083c00000|100%| O|  |TAMS 0x0000000083c00000, 0x0000000083b00000| Untracked 
|  60|0x0000000083c00000, 0x0000000083d00000, 0x0000000083d00000|100%| O|  |TAMS 0x0000000083d00000, 0x0000000083c00000| Untracked 
|  61|0x0000000083d00000, 0x0000000083e00000, 0x0000000083e00000|100%| O|  |TAMS 0x0000000083e00000, 0x0000000083d00000| Untracked 
|  62|0x0000000083e00000, 0x0000000083f00000, 0x0000000083f00000|100%| O|  |TAMS 0x0000000083f00000, 0x0000000083e00000| Untracked 
|  63|0x0000000083f00000, 0x0000000084000000, 0x0000000084000000|100%| O|  |TAMS 0x0000000083f00000, 0x0000000083f00000| Untracked 
|  64|0x0000000084000000, 0x0000000084100000, 0x0000000084100000|100%| O|  |TAMS 0x0000000084100000, 0x0000000084000000| Untracked 
|  65|0x0000000084100000, 0x0000000084200000, 0x0000000084200000|100%| O|  |TAMS 0x0000000084200000, 0x0000000084100000| Untracked 
|  66|0x0000000084200000, 0x0000000084300000, 0x0000000084300000|100%| O|  |TAMS 0x0000000084300000, 0x0000000084200000| Untracked 
|  67|0x0000000084300000, 0x0000000084400000, 0x0000000084400000|100%| O|  |TAMS 0x0000000084400000, 0x0000000084300000| Untracked 
|  68|0x0000000084400000, 0x0000000084500000, 0x0000000084500000|100%| O|  |TAMS 0x0000000084500000, 0x0000000084400000| Untracked 
|  69|0x0000000084500000, 0x0000000084600000, 0x0000000084600000|100%| O|  |TAMS 0x0000000084600000, 0x0000000084500000| Untracked 
|  70|0x0000000084600000, 0x0000000084700000, 0x0000000084700000|100%| O|  |TAMS 0x0000000084700000, 0x0000000084600000| Untracked 
|  71|0x0000000084700000, 0x0000000084800000, 0x0000000084800000|100%| O|  |TAMS 0x0000000084800000, 0x0000000084700000| Untracked 
|  72|0x0000000084800000, 0x0000000084900000, 0x0000000084900000|100%| O|  |TAMS 0x0000000084900000, 0x0000000084800000| Untracked 
|  73|0x0000000084900000, 0x0000000084a00000, 0x0000000084a00000|100%| O|  |TAMS 0x0000000084a00000, 0x0000000084900000| Untracked 
|  74|0x0000000084a00000, 0x0000000084b00000, 0x0000000084b00000|100%| O|  |TAMS 0x0000000084b00000, 0x0000000084a00000| Untracked 
|  75|0x0000000084b00000, 0x0000000084c00000, 0x0000000084c00000|100%| O|  |TAMS 0x0000000084c00000, 0x0000000084b00000| Untracked 
|  76|0x0000000084c00000, 0x0000000084d00000, 0x0000000084d00000|100%| O|  |TAMS 0x0000000084c00000, 0x0000000084c00000| Untracked 
|  77|0x0000000084d00000, 0x0000000084e00000, 0x0000000084e00000|100%| O|  |TAMS 0x0000000084d00000, 0x0000000084d00000| Untracked 
|  78|0x0000000084e00000, 0x0000000084f00000, 0x0000000084f00000|100%| O|  |TAMS 0x0000000084f00000, 0x0000000084e00000| Untracked 
|  79|0x0000000084f00000, 0x0000000085000000, 0x0000000085000000|100%| O|  |TAMS 0x0000000085000000, 0x0000000084f00000| Untracked 
|  80|0x0000000085000000, 0x0000000085100000, 0x0000000085100000|100%| O|  |TAMS 0x0000000085100000, 0x0000000085000000| Untracked 
|  81|0x0000000085100000, 0x0000000085200000, 0x0000000085200000|100%| O|  |TAMS 0x0000000085200000, 0x0000000085100000| Untracked 
|  82|0x0000000085200000, 0x0000000085300000, 0x0000000085300000|100%| O|  |TAMS 0x0000000085300000, 0x0000000085200000| Untracked 
|  83|0x0000000085300000, 0x0000000085400000, 0x0000000085400000|100%| O|  |TAMS 0x0000000085400000, 0x0000000085300000| Untracked 
|  84|0x0000000085400000, 0x0000000085500000, 0x0000000085500000|100%| O|  |TAMS 0x0000000085500000, 0x0000000085400000| Untracked 
|  85|0x0000000085500000, 0x0000000085600000, 0x0000000085600000|100%| O|  |TAMS 0x0000000085600000, 0x0000000085500000| Untracked 
|  86|0x0000000085600000, 0x0000000085700000, 0x0000000085700000|100%| O|  |TAMS 0x0000000085700000, 0x0000000085600000| Untracked 
|  87|0x0000000085700000, 0x0000000085800000, 0x0000000085800000|100%| O|  |TAMS 0x0000000085800000, 0x0000000085700000| Untracked 
|  88|0x0000000085800000, 0x0000000085900000, 0x0000000085900000|100%| O|  |TAMS 0x0000000085900000, 0x0000000085800000| Untracked 
|  89|0x0000000085900000, 0x0000000085a00000, 0x0000000085a00000|100%| O|  |TAMS 0x0000000085a00000, 0x0000000085900000| Untracked 
|  90|0x0000000085a00000, 0x0000000085b00000, 0x0000000085b00000|100%| O|  |TAMS 0x0000000085b00000, 0x0000000085a00000| Untracked 
|  91|0x0000000085b00000, 0x0000000085c00000, 0x0000000085c00000|100%| O|  |TAMS 0x0000000085c00000, 0x0000000085b00000| Untracked 
|  92|0x0000000085c00000, 0x0000000085d00000, 0x0000000085d00000|100%| O|  |TAMS 0x0000000085d00000, 0x0000000085c00000| Untracked 
|  93|0x0000000085d00000, 0x0000000085e00000, 0x0000000085e00000|100%| O|  |TAMS 0x0000000085e00000, 0x0000000085d00000| Untracked 
|  94|0x0000000085e00000, 0x0000000085f00000, 0x0000000085f00000|100%| O|  |TAMS 0x0000000085f00000, 0x0000000085e00000| Untracked 
|  95|0x0000000085f00000, 0x0000000086000000, 0x0000000086000000|100%| O|  |TAMS 0x0000000086000000, 0x0000000085f00000| Untracked 
|  96|0x0000000086000000, 0x0000000086100000, 0x0000000086100000|100%| O|  |TAMS 0x0000000086025c00, 0x0000000086000000| Untracked 
|  97|0x0000000086100000, 0x0000000086200000, 0x0000000086200000|100%| O|  |TAMS 0x0000000086100000, 0x0000000086100000| Untracked 
|  98|0x0000000086200000, 0x0000000086300000, 0x0000000086300000|100%| O|  |TAMS 0x0000000086200000, 0x0000000086200000| Untracked 
|  99|0x0000000086300000, 0x0000000086400000, 0x0000000086400000|100%| O|  |TAMS 0x0000000086300000, 0x0000000086300000| Untracked 
| 100|0x0000000086400000, 0x0000000086500000, 0x0000000086500000|100%| O|  |TAMS 0x0000000086400000, 0x0000000086400000| Untracked 
| 101|0x0000000086500000, 0x0000000086600000, 0x0000000086600000|100%| O|  |TAMS 0x0000000086500000, 0x0000000086500000| Untracked 
| 102|0x0000000086600000, 0x0000000086700000, 0x0000000086700000|100%| O|  |TAMS 0x0000000086600000, 0x0000000086600000| Untracked 
| 103|0x0000000086700000, 0x0000000086800000, 0x0000000086800000|100%| O|  |TAMS 0x0000000086700000, 0x0000000086700000| Untracked 
| 104|0x0000000086800000, 0x0000000086900000, 0x0000000086900000|100%| O|  |TAMS 0x0000000086800000, 0x0000000086800000| Untracked 
| 105|0x0000000086900000, 0x0000000086a00000, 0x0000000086a00000|100%| O|  |TAMS 0x0000000086900000, 0x0000000086900000| Untracked 
| 106|0x0000000086a00000, 0x0000000086b00000, 0x0000000086b00000|100%| O|  |TAMS 0x0000000086a00000, 0x0000000086a00000| Untracked 
| 107|0x0000000086b00000, 0x0000000086c00000, 0x0000000086c00000|100%| O|  |TAMS 0x0000000086b00000, 0x0000000086b00000| Untracked 
| 108|0x0000000086c00000, 0x0000000086d00000, 0x0000000086d00000|100%| O|  |TAMS 0x0000000086c00000, 0x0000000086c00000| Untracked 
| 109|0x0000000086d00000, 0x0000000086e00000, 0x0000000086e00000|100%| O|  |TAMS 0x0000000086d00000, 0x0000000086d00000| Untracked 
| 110|0x0000000086e00000, 0x0000000086f00000, 0x0000000086f00000|100%| O|  |TAMS 0x0000000086e00000, 0x0000000086e00000| Untracked 
| 111|0x0000000086f00000, 0x0000000087000000, 0x0000000087000000|100%| O|  |TAMS 0x0000000086f00000, 0x0000000086f00000| Untracked 
| 112|0x0000000087000000, 0x0000000087100000, 0x0000000087100000|100%| O|  |TAMS 0x0000000087000000, 0x0000000087000000| Untracked 
| 113|0x0000000087100000, 0x0000000087200000, 0x0000000087200000|100%| O|  |TAMS 0x0000000087100000, 0x0000000087100000| Untracked 
| 114|0x0000000087200000, 0x0000000087300000, 0x0000000087300000|100%| O|  |TAMS 0x0000000087200000, 0x0000000087200000| Untracked 
| 115|0x0000000087300000, 0x0000000087400000, 0x0000000087400000|100%|HS|  |TAMS 0x0000000087300000, 0x0000000087300000| Complete 
| 116|0x0000000087400000, 0x0000000087500000, 0x0000000087500000|100%|HC|  |TAMS 0x0000000087400000, 0x0000000087400000| Complete 
| 117|0x0000000087500000, 0x0000000087600000, 0x0000000087600000|100%| O|  |TAMS 0x0000000087500000, 0x0000000087500000| Untracked 
| 118|0x0000000087600000, 0x0000000087700000, 0x0000000087700000|100%| O|  |TAMS 0x0000000087600000, 0x0000000087600000| Untracked 
| 119|0x0000000087700000, 0x0000000087800000, 0x0000000087800000|100%| O|  |TAMS 0x0000000087700000, 0x0000000087700000| Untracked 
| 120|0x0000000087800000, 0x0000000087900000, 0x0000000087900000|100%| O|  |TAMS 0x0000000087800000, 0x0000000087800000| Untracked 
| 121|0x0000000087900000, 0x0000000087a00000, 0x0000000087a00000|100%| O|  |TAMS 0x0000000087900000, 0x0000000087900000| Untracked 
| 122|0x0000000087a00000, 0x0000000087b00000, 0x0000000087b00000|100%| O|  |TAMS 0x0000000087a00000, 0x0000000087a00000| Untracked 
| 123|0x0000000087b00000, 0x0000000087c00000, 0x0000000087c00000|100%| O|  |TAMS 0x0000000087b00000, 0x0000000087b00000| Untracked 
| 124|0x0000000087c00000, 0x0000000087d00000, 0x0000000087d00000|100%| O|  |TAMS 0x0000000087c00000, 0x0000000087c00000| Untracked 
| 125|0x0000000087d00000, 0x0000000087e00000, 0x0000000087e00000|100%| O|  |TAMS 0x0000000087d00000, 0x0000000087d00000| Untracked 
| 126|0x0000000087e00000, 0x0000000087f00000, 0x0000000087f00000|100%| O|  |TAMS 0x0000000087e00000, 0x0000000087e00000| Untracked 
| 127|0x0000000087f00000, 0x0000000088000000, 0x0000000088000000|100%| O|  |TAMS 0x0000000087f00000, 0x0000000087f00000| Untracked 
| 128|0x0000000088000000, 0x0000000088100000, 0x0000000088100000|100%| O|  |TAMS 0x0000000088000000, 0x0000000088000000| Untracked 
| 129|0x0000000088100000, 0x0000000088200000, 0x0000000088200000|100%| O|  |TAMS 0x0000000088100000, 0x0000000088100000| Untracked 
| 130|0x0000000088200000, 0x0000000088300000, 0x0000000088300000|100%| O|  |TAMS 0x0000000088200000, 0x0000000088200000| Untracked 
| 131|0x0000000088300000, 0x0000000088400000, 0x0000000088400000|100%| O|  |TAMS 0x0000000088300000, 0x0000000088300000| Untracked 
| 132|0x0000000088400000, 0x0000000088500000, 0x0000000088500000|100%| O|  |TAMS 0x0000000088400000, 0x0000000088400000| Untracked 
| 133|0x0000000088500000, 0x0000000088600000, 0x0000000088600000|100%| O|  |TAMS 0x0000000088500000, 0x0000000088500000| Untracked 
| 134|0x0000000088600000, 0x0000000088700000, 0x0000000088700000|100%| O|  |TAMS 0x0000000088600000, 0x0000000088600000| Untracked 
| 135|0x0000000088700000, 0x0000000088800000, 0x0000000088800000|100%| O|  |TAMS 0x0000000088700000, 0x0000000088700000| Untracked 
| 136|0x0000000088800000, 0x0000000088900000, 0x0000000088900000|100%| O|  |TAMS 0x0000000088800000, 0x0000000088800000| Untracked 
| 137|0x0000000088900000, 0x0000000088a00000, 0x0000000088a00000|100%| O|  |TAMS 0x0000000088900000, 0x0000000088900000| Untracked 
| 138|0x0000000088a00000, 0x0000000088b00000, 0x0000000088b00000|100%| O|  |TAMS 0x0000000088a00000, 0x0000000088a00000| Untracked 
| 139|0x0000000088b00000, 0x0000000088c00000, 0x0000000088c00000|100%| O|  |TAMS 0x0000000088b00000, 0x0000000088b00000| Untracked 
| 140|0x0000000088c00000, 0x0000000088d00000, 0x0000000088d00000|100%| O|  |TAMS 0x0000000088c00000, 0x0000000088c00000| Untracked 
| 141|0x0000000088d00000, 0x0000000088e00000, 0x0000000088e00000|100%| O|  |TAMS 0x0000000088d00000, 0x0000000088d00000| Untracked 
| 142|0x0000000088e00000, 0x0000000088f00000, 0x0000000088f00000|100%| O|  |TAMS 0x0000000088e00000, 0x0000000088e00000| Untracked 
| 143|0x0000000088f00000, 0x0000000089000000, 0x0000000089000000|100%| O|  |TAMS 0x0000000088f00000, 0x0000000088f00000| Untracked 
| 144|0x0000000089000000, 0x00000000890c4800, 0x0000000089100000| 76%| O|  |TAMS 0x0000000089000000, 0x0000000089000000| Untracked 
| 145|0x0000000089100000, 0x0000000089100000, 0x0000000089200000|  0%| F|  |TAMS 0x0000000089100000, 0x0000000089100000| Untracked 
| 146|0x0000000089200000, 0x0000000089200000, 0x0000000089300000|  0%| F|  |TAMS 0x0000000089200000, 0x0000000089200000| Untracked 
| 147|0x0000000089300000, 0x0000000089300000, 0x0000000089400000|  0%| F|  |TAMS 0x0000000089300000, 0x0000000089300000| Untracked 
| 148|0x0000000089400000, 0x0000000089400000, 0x0000000089500000|  0%| F|  |TAMS 0x0000000089400000, 0x0000000089400000| Untracked 
| 149|0x0000000089500000, 0x0000000089500000, 0x0000000089600000|  0%| F|  |TAMS 0x0000000089500000, 0x0000000089500000| Untracked 
| 150|0x0000000089600000, 0x0000000089600000, 0x0000000089700000|  0%| F|  |TAMS 0x0000000089600000, 0x0000000089600000| Untracked 
| 151|0x0000000089700000, 0x0000000089700000, 0x0000000089800000|  0%| F|  |TAMS 0x0000000089700000, 0x0000000089700000| Untracked 
| 152|0x0000000089800000, 0x0000000089800000, 0x0000000089900000|  0%| F|  |TAMS 0x0000000089800000, 0x0000000089800000| Untracked 
| 153|0x0000000089900000, 0x0000000089900000, 0x0000000089a00000|  0%| F|  |TAMS 0x0000000089900000, 0x0000000089900000| Untracked 
| 154|0x0000000089a00000, 0x0000000089a00000, 0x0000000089b00000|  0%| F|  |TAMS 0x0000000089a00000, 0x0000000089a00000| Untracked 
| 155|0x0000000089b00000, 0x0000000089b00000, 0x0000000089c00000|  0%| F|  |TAMS 0x0000000089b00000, 0x0000000089b00000| Untracked 
| 156|0x0000000089c00000, 0x0000000089c00000, 0x0000000089d00000|  0%| F|  |TAMS 0x0000000089c00000, 0x0000000089c00000| Untracked 
| 157|0x0000000089d00000, 0x0000000089d00000, 0x0000000089e00000|  0%| F|  |TAMS 0x0000000089d00000, 0x0000000089d00000| Untracked 
| 158|0x0000000089e00000, 0x0000000089e00000, 0x0000000089f00000|  0%| F|  |TAMS 0x0000000089e00000, 0x0000000089e00000| Untracked 
| 159|0x0000000089f00000, 0x0000000089f00000, 0x000000008a000000|  0%| F|  |TAMS 0x0000000089f00000, 0x0000000089f00000| Untracked 
| 160|0x000000008a000000, 0x000000008a000000, 0x000000008a100000|  0%| F|  |TAMS 0x000000008a000000, 0x000000008a000000| Untracked 
| 161|0x000000008a100000, 0x000000008a100000, 0x000000008a200000|  0%| F|  |TAMS 0x000000008a100000, 0x000000008a100000| Untracked 
| 162|0x000000008a200000, 0x000000008a200000, 0x000000008a300000|  0%| F|  |TAMS 0x000000008a200000, 0x000000008a200000| Untracked 
| 163|0x000000008a300000, 0x000000008a300000, 0x000000008a400000|  0%| F|  |TAMS 0x000000008a300000, 0x000000008a300000| Untracked 
| 164|0x000000008a400000, 0x000000008a400000, 0x000000008a500000|  0%| F|  |TAMS 0x000000008a400000, 0x000000008a400000| Untracked 
| 165|0x000000008a500000, 0x000000008a500000, 0x000000008a600000|  0%| F|  |TAMS 0x000000008a500000, 0x000000008a500000| Untracked 
| 166|0x000000008a600000, 0x000000008a600000, 0x000000008a700000|  0%| F|  |TAMS 0x000000008a600000, 0x000000008a600000| Untracked 
| 167|0x000000008a700000, 0x000000008a700000, 0x000000008a800000|  0%| F|  |TAMS 0x000000008a700000, 0x000000008a700000| Untracked 
| 168|0x000000008a800000, 0x000000008a800000, 0x000000008a900000|  0%| F|  |TAMS 0x000000008a800000, 0x000000008a800000| Untracked 
| 169|0x000000008a900000, 0x000000008a900000, 0x000000008aa00000|  0%| F|  |TAMS 0x000000008a900000, 0x000000008a900000| Untracked 
| 170|0x000000008aa00000, 0x000000008aa00000, 0x000000008ab00000|  0%| F|  |TAMS 0x000000008aa00000, 0x000000008aa00000| Untracked 
| 171|0x000000008ab00000, 0x000000008ab00000, 0x000000008ac00000|  0%| F|  |TAMS 0x000000008ab00000, 0x000000008ab00000| Untracked 
| 172|0x000000008ac00000, 0x000000008ac00000, 0x000000008ad00000|  0%| F|  |TAMS 0x000000008ac00000, 0x000000008ac00000| Untracked 
| 173|0x000000008ad00000, 0x000000008ad00000, 0x000000008ae00000|  0%| F|  |TAMS 0x000000008ad00000, 0x000000008ad00000| Untracked 
| 174|0x000000008ae00000, 0x000000008ae00000, 0x000000008af00000|  0%| F|  |TAMS 0x000000008ae00000, 0x000000008ae00000| Untracked 
| 175|0x000000008af00000, 0x000000008af00000, 0x000000008b000000|  0%| F|  |TAMS 0x000000008af00000, 0x000000008af00000| Untracked 
| 176|0x000000008b000000, 0x000000008b000000, 0x000000008b100000|  0%| F|  |TAMS 0x000000008b000000, 0x000000008b000000| Untracked 
| 177|0x000000008b100000, 0x000000008b100000, 0x000000008b200000|  0%| F|  |TAMS 0x000000008b100000, 0x000000008b100000| Untracked 
| 178|0x000000008b200000, 0x000000008b200000, 0x000000008b300000|  0%| F|  |TAMS 0x000000008b200000, 0x000000008b200000| Untracked 
| 179|0x000000008b300000, 0x000000008b300000, 0x000000008b400000|  0%| F|  |TAMS 0x000000008b300000, 0x000000008b300000| Untracked 
| 180|0x000000008b400000, 0x000000008b400000, 0x000000008b500000|  0%| F|  |TAMS 0x000000008b400000, 0x000000008b400000| Untracked 
| 181|0x000000008b500000, 0x000000008b500000, 0x000000008b600000|  0%| F|  |TAMS 0x000000008b500000, 0x000000008b500000| Untracked 
| 182|0x000000008b600000, 0x000000008b600000, 0x000000008b700000|  0%| F|  |TAMS 0x000000008b600000, 0x000000008b600000| Untracked 
| 183|0x000000008b700000, 0x000000008b700000, 0x000000008b800000|  0%| F|  |TAMS 0x000000008b700000, 0x000000008b700000| Untracked 
| 184|0x000000008b800000, 0x000000008b800000, 0x000000008b900000|  0%| F|  |TAMS 0x000000008b800000, 0x000000008b800000| Untracked 
| 185|0x000000008b900000, 0x000000008b900000, 0x000000008ba00000|  0%| F|  |TAMS 0x000000008b900000, 0x000000008b900000| Untracked 
| 186|0x000000008ba00000, 0x000000008ba00000, 0x000000008bb00000|  0%| F|  |TAMS 0x000000008ba00000, 0x000000008ba00000| Untracked 
| 187|0x000000008bb00000, 0x000000008bbc08d0, 0x000000008bc00000| 75%| S|CS|TAMS 0x000000008bb00000, 0x000000008bb00000| Complete 
| 188|0x000000008bc00000, 0x000000008bd00000, 0x000000008bd00000|100%| S|CS|TAMS 0x000000008bc00000, 0x000000008bc00000| Complete 
| 189|0x000000008bd00000, 0x000000008bd00000, 0x000000008be00000|  0%| F|  |TAMS 0x000000008bd00000, 0x000000008bd00000| Untracked 
| 190|0x000000008be00000, 0x000000008be00000, 0x000000008bf00000|  0%| F|  |TAMS 0x000000008be00000, 0x000000008be00000| Untracked 
| 191|0x000000008bf00000, 0x000000008bf00000, 0x000000008c000000|  0%| F|  |TAMS 0x000000008bf00000, 0x000000008bf00000| Untracked 
| 192|0x000000008c000000, 0x000000008c100000, 0x000000008c100000|100%| S|CS|TAMS 0x000000008c000000, 0x000000008c000000| Complete 
| 193|0x000000008c100000, 0x000000008c100000, 0x000000008c200000|  0%| F|  |TAMS 0x000000008c100000, 0x000000008c100000| Untracked 
| 194|0x000000008c200000, 0x000000008c200000, 0x000000008c300000|  0%| F|  |TAMS 0x000000008c200000, 0x000000008c200000| Untracked 
| 195|0x000000008c300000, 0x000000008c300000, 0x000000008c400000|  0%| F|  |TAMS 0x000000008c300000, 0x000000008c300000| Untracked 
| 196|0x000000008c400000, 0x000000008c400000, 0x000000008c500000|  0%| F|  |TAMS 0x000000008c400000, 0x000000008c400000| Untracked 
| 197|0x000000008c500000, 0x000000008c500000, 0x000000008c600000|  0%| F|  |TAMS 0x000000008c500000, 0x000000008c500000| Untracked 
| 198|0x000000008c600000, 0x000000008c600000, 0x000000008c700000|  0%| F|  |TAMS 0x000000008c600000, 0x000000008c600000| Untracked 
| 199|0x000000008c700000, 0x000000008c700000, 0x000000008c800000|  0%| F|  |TAMS 0x000000008c700000, 0x000000008c700000| Untracked 
| 200|0x000000008c800000, 0x000000008c800000, 0x000000008c900000|  0%| F|  |TAMS 0x000000008c800000, 0x000000008c800000| Untracked 
| 201|0x000000008c900000, 0x000000008c900000, 0x000000008ca00000|  0%| F|  |TAMS 0x000000008c900000, 0x000000008c900000| Untracked 
| 202|0x000000008ca00000, 0x000000008ca00000, 0x000000008cb00000|  0%| F|  |TAMS 0x000000008ca00000, 0x000000008ca00000| Untracked 
| 203|0x000000008cb00000, 0x000000008cb00000, 0x000000008cc00000|  0%| F|  |TAMS 0x000000008cb00000, 0x000000008cb00000| Untracked 
| 204|0x000000008cc00000, 0x000000008cc00000, 0x000000008cd00000|  0%| F|  |TAMS 0x000000008cc00000, 0x000000008cc00000| Untracked 
| 205|0x000000008cd00000, 0x000000008cd00000, 0x000000008ce00000|  0%| F|  |TAMS 0x000000008cd00000, 0x000000008cd00000| Untracked 
| 206|0x000000008ce00000, 0x000000008ce00000, 0x000000008cf00000|  0%| F|  |TAMS 0x000000008ce00000, 0x000000008ce00000| Untracked 
| 207|0x000000008cf00000, 0x000000008cf00000, 0x000000008d000000|  0%| F|  |TAMS 0x000000008cf00000, 0x000000008cf00000| Untracked 
| 208|0x000000008d000000, 0x000000008d000000, 0x000000008d100000|  0%| F|  |TAMS 0x000000008d000000, 0x000000008d000000| Untracked 
| 209|0x000000008d100000, 0x000000008d100000, 0x000000008d200000|  0%| F|  |TAMS 0x000000008d100000, 0x000000008d100000| Untracked 
| 210|0x000000008d200000, 0x000000008d200000, 0x000000008d300000|  0%| F|  |TAMS 0x000000008d200000, 0x000000008d200000| Untracked 
| 211|0x000000008d300000, 0x000000008d300000, 0x000000008d400000|  0%| F|  |TAMS 0x000000008d300000, 0x000000008d300000| Untracked 
| 212|0x000000008d400000, 0x000000008d400000, 0x000000008d500000|  0%| F|  |TAMS 0x000000008d400000, 0x000000008d400000| Untracked 
| 213|0x000000008d500000, 0x000000008d500000, 0x000000008d600000|  0%| F|  |TAMS 0x000000008d500000, 0x000000008d500000| Untracked 
| 214|0x000000008d600000, 0x000000008d600000, 0x000000008d700000|  0%| F|  |TAMS 0x000000008d600000, 0x000000008d600000| Untracked 
| 215|0x000000008d700000, 0x000000008d700000, 0x000000008d800000|  0%| F|  |TAMS 0x000000008d700000, 0x000000008d700000| Untracked 
| 216|0x000000008d800000, 0x000000008d800000, 0x000000008d900000|  0%| F|  |TAMS 0x000000008d800000, 0x000000008d800000| Untracked 
| 217|0x000000008d900000, 0x000000008d900000, 0x000000008da00000|  0%| F|  |TAMS 0x000000008d900000, 0x000000008d900000| Untracked 
| 218|0x000000008da00000, 0x000000008da00000, 0x000000008db00000|  0%| F|  |TAMS 0x000000008da00000, 0x000000008da00000| Untracked 
| 219|0x000000008db00000, 0x000000008db00000, 0x000000008dc00000|  0%| F|  |TAMS 0x000000008db00000, 0x000000008db00000| Untracked 
| 220|0x000000008dc00000, 0x000000008dc00000, 0x000000008dd00000|  0%| F|  |TAMS 0x000000008dc00000, 0x000000008dc00000| Untracked 
| 221|0x000000008dd00000, 0x000000008dd00000, 0x000000008de00000|  0%| F|  |TAMS 0x000000008dd00000, 0x000000008dd00000| Untracked 
| 222|0x000000008de00000, 0x000000008de00000, 0x000000008df00000|  0%| F|  |TAMS 0x000000008de00000, 0x000000008de00000| Untracked 
| 223|0x000000008df00000, 0x000000008df00000, 0x000000008e000000|  0%| F|  |TAMS 0x000000008df00000, 0x000000008df00000| Untracked 
| 224|0x000000008e000000, 0x000000008e000000, 0x000000008e100000|  0%| F|  |TAMS 0x000000008e000000, 0x000000008e000000| Untracked 
| 225|0x000000008e100000, 0x000000008e200000, 0x000000008e200000|100%| E|  |TAMS 0x000000008e100000, 0x000000008e100000| Complete 
| 226|0x000000008e200000, 0x000000008e300000, 0x000000008e300000|100%| E|CS|TAMS 0x000000008e200000, 0x000000008e200000| Complete 
| 227|0x000000008e300000, 0x000000008e400000, 0x000000008e400000|100%| E|CS|TAMS 0x000000008e300000, 0x000000008e300000| Complete 
| 228|0x000000008e400000, 0x000000008e500000, 0x000000008e500000|100%| E|CS|TAMS 0x000000008e400000, 0x000000008e400000| Complete 
| 229|0x000000008e500000, 0x000000008e600000, 0x000000008e600000|100%| E|CS|TAMS 0x000000008e500000, 0x000000008e500000| Complete 
| 230|0x000000008e600000, 0x000000008e700000, 0x000000008e700000|100%| E|CS|TAMS 0x000000008e600000, 0x000000008e600000| Complete 
| 231|0x000000008e700000, 0x000000008e800000, 0x000000008e800000|100%| E|CS|TAMS 0x000000008e700000, 0x000000008e700000| Complete 
| 232|0x000000008e800000, 0x000000008e900000, 0x000000008e900000|100%| E|CS|TAMS 0x000000008e800000, 0x000000008e800000| Complete 
| 233|0x000000008e900000, 0x000000008ea00000, 0x000000008ea00000|100%| E|CS|TAMS 0x000000008e900000, 0x000000008e900000| Complete 
| 234|0x000000008ea00000, 0x000000008eb00000, 0x000000008eb00000|100%| E|CS|TAMS 0x000000008ea00000, 0x000000008ea00000| Complete 
| 235|0x000000008eb00000, 0x000000008ec00000, 0x000000008ec00000|100%| E|CS|TAMS 0x000000008eb00000, 0x000000008eb00000| Complete 
| 236|0x000000008ec00000, 0x000000008ed00000, 0x000000008ed00000|100%| E|CS|TAMS 0x000000008ec00000, 0x000000008ec00000| Complete 
| 237|0x000000008ed00000, 0x000000008ee00000, 0x000000008ee00000|100%| E|CS|TAMS 0x000000008ed00000, 0x000000008ed00000| Complete 
| 238|0x000000008ee00000, 0x000000008ef00000, 0x000000008ef00000|100%| E|CS|TAMS 0x000000008ee00000, 0x000000008ee00000| Complete 
| 239|0x000000008ef00000, 0x000000008f000000, 0x000000008f000000|100%| E|CS|TAMS 0x000000008ef00000, 0x000000008ef00000| Complete 
| 240|0x000000008f000000, 0x000000008f100000, 0x000000008f100000|100%| E|CS|TAMS 0x000000008f000000, 0x000000008f000000| Complete 
| 241|0x000000008f100000, 0x000000008f200000, 0x000000008f200000|100%| E|CS|TAMS 0x000000008f100000, 0x000000008f100000| Complete 
| 242|0x000000008f200000, 0x000000008f300000, 0x000000008f300000|100%| E|CS|TAMS 0x000000008f200000, 0x000000008f200000| Complete 
| 243|0x000000008f300000, 0x000000008f400000, 0x000000008f400000|100%| E|CS|TAMS 0x000000008f300000, 0x000000008f300000| Complete 
| 244|0x000000008f400000, 0x000000008f500000, 0x000000008f500000|100%| E|CS|TAMS 0x000000008f400000, 0x000000008f400000| Complete 
| 245|0x000000008f500000, 0x000000008f600000, 0x000000008f600000|100%| E|CS|TAMS 0x000000008f500000, 0x000000008f500000| Complete 
| 246|0x000000008f600000, 0x000000008f700000, 0x000000008f700000|100%| E|CS|TAMS 0x000000008f600000, 0x000000008f600000| Complete 
| 247|0x000000008f700000, 0x000000008f800000, 0x000000008f800000|100%| E|CS|TAMS 0x000000008f700000, 0x000000008f700000| Complete 
| 248|0x000000008f800000, 0x000000008f900000, 0x000000008f900000|100%| E|CS|TAMS 0x000000008f800000, 0x000000008f800000| Complete 
| 249|0x000000008f900000, 0x000000008fa00000, 0x000000008fa00000|100%| E|CS|TAMS 0x000000008f900000, 0x000000008f900000| Complete 
| 250|0x000000008fa00000, 0x000000008fb00000, 0x000000008fb00000|100%| E|CS|TAMS 0x000000008fa00000, 0x000000008fa00000| Complete 
| 251|0x000000008fb00000, 0x000000008fc00000, 0x000000008fc00000|100%| E|CS|TAMS 0x000000008fb00000, 0x000000008fb00000| Complete 
| 252|0x000000008fc00000, 0x000000008fd00000, 0x000000008fd00000|100%| E|CS|TAMS 0x000000008fc00000, 0x000000008fc00000| Complete 
| 253|0x000000008fd00000, 0x000000008fe00000, 0x000000008fe00000|100%| E|CS|TAMS 0x000000008fd00000, 0x000000008fd00000| Complete 
| 254|0x000000008fe00000, 0x000000008ff00000, 0x000000008ff00000|100%| E|CS|TAMS 0x000000008fe00000, 0x000000008fe00000| Complete 

Card table byte_map: [0x00000253dde10000,0x00000253de210000] _byte_map_base: 0x00000253dda10000

Marking Bits (Prev, Next): (CMBitMap*) 0x00000253c91082b0, (CMBitMap*) 0x00000253c91082f0
 Prev Bits: [0x00000253de610000, 0x00000253e0610000)
 Next Bits: [0x00000253e0610000, 0x00000253e2610000)

Polling page: 0x00000253c9160000

Metaspace:

Usage:
  Non-class:    113.25 MB used.
      Class:     18.63 MB used.
       Both:    131.88 MB used.

Virtual space:
  Non-class space:      128.00 MB reserved,     113.75 MB ( 89%) committed,  2 nodes.
      Class space:        1.00 GB reserved,      19.06 MB (  2%) committed,  1 nodes.
             Both:        1.12 GB reserved,     132.81 MB ( 12%) committed. 

Chunk freelists:
   Non-Class:  13.81 MB
       Class:  12.98 MB
        Both:  26.78 MB

MaxMetaspaceSize: unlimited
CompressedClassSpaceSize: 1.00 GB
Initial GC threshold: 21.00 MB
Current GC threshold: 160.00 MB
CDS: off
MetaspaceReclaimPolicy: balanced
 - commit_granule_bytes: 65536.
 - commit_granule_words: 8192.
 - virtual_space_node_default_size: 8388608.
 - enlarge_chunks_in_place: 1.
 - new_chunks_are_fully_committed: 0.
 - uncommit_free_chunks: 1.
 - use_allocation_guard: 0.
 - handle_deallocations: 1.


Internal statistics:

num_allocs_failed_limit: 6.
num_arena_births: 1462.
num_arena_deaths: 0.
num_vsnodes_births: 3.
num_vsnodes_deaths: 0.
num_space_committed: 2124.
num_space_uncommitted: 0.
num_chunks_returned_to_freelist: 6.
num_chunks_taken_from_freelist: 6702.
num_chunk_merges: 6.
num_chunk_splits: 4486.
num_chunks_enlarged: 3013.
num_inconsistent_stats: 0.

CodeHeap 'non-profiled nmethods': size=120000Kb used=7637Kb max_used=7637Kb free=112362Kb
 bounds [0x00000253d5860000, 0x00000253d5fe0000, 0x00000253dcd90000]
CodeHeap 'profiled nmethods': size=120000Kb used=26640Kb max_used=26640Kb free=93359Kb
 bounds [0x00000253cdd90000, 0x00000253cf7a0000, 0x00000253d52c0000]
CodeHeap 'non-nmethods': size=5760Kb used=1773Kb max_used=1820Kb free=3986Kb
 bounds [0x00000253d52c0000, 0x00000253d5530000, 0x00000253d5860000]
 total_blobs=15304 nmethods=14430 adapters=786
 compilation: enabled
              stopped_count=0, restarted_count=0
 full_count=0

Compilation events (20 events):
Event: 153.202 Thread 0x00000253e54b3fa0 nmethod 17630 0x00000253cf78cd90 code [0x00000253cf78cf40, 0x00000253cf78d088]
Event: 153.283 Thread 0x00000253e54b3fa0 17631       3       org.gradle.internal.concurrent.CompositeStoppable::stoppable (12 bytes)
Event: 153.289 Thread 0x00000253e54b3fa0 nmethod 17631 0x00000253cf78d190 code [0x00000253cf78d380, 0x00000253cf78d868]
Event: 153.334 Thread 0x00000253e54b3fa0 17632       3       java.util.Collections$UnmodifiableMap$UnmodifiableEntrySet$1::hasNext (10 bytes)
Event: 153.335 Thread 0x00000253e54b3fa0 nmethod 17632 0x00000253cf78da10 code [0x00000253cf78dbc0, 0x00000253cf78dd88]
Event: 153.343 Thread 0x00000253e54b3fa0 17633       3       com.google.common.cache.LocalCache$Segment::initTable (51 bytes)
Event: 153.363 Thread 0x00000253e54b3fa0 nmethod 17633 0x00000253cf78de90 code [0x00000253cf78e040, 0x00000253cf78e398]
Event: 153.514 Thread 0x00000253e54b34f0 17634       4       org.gradle.api.internal.classpath.DefaultModuleRegistry$DefaultModule::collectRequiredModules (99 bytes)
Event: 154.035 Thread 0x00000253e54b3fa0 17637       3       org.gradle.api.internal.DependencyClassPathProvider$$Lambda$512/0x00000001005c5858::isSatisfiedBy (8 bytes)
Event: 154.057 Thread 0x00000253e54b3fa0 nmethod 17637 0x00000253cf78e510 code [0x00000253cf78e6e0, 0x00000253cf78ea38]
Event: 154.059 Thread 0x00000253e54b3fa0 17639       3       org.gradle.api.specs.NotSpec::isSatisfiedBy (19 bytes)
Event: 154.066 Thread 0x00000253e54b3fa0 nmethod 17639 0x00000253cf78eb90 code [0x00000253cf78ed40, 0x00000253cf78ef68]
Event: 154.066 Thread 0x00000253e54b3fa0 17641       3       org.gradle.kotlin.dsl.provider.KotlinScriptClassPathProviderKt::isKotlinJar (30 bytes)
Event: 154.077 Thread 0x00000253e54b3fa0 nmethod 17641 0x00000253cf78f010 code [0x00000253cf78f1e0, 0x00000253cf78f4d8]
Event: 154.079 Thread 0x00000253e54b3fa0 17642       3       org.gradle.kotlin.dsl.support.ProjectExtensionsKt::isGradleKotlinDslJarName (16 bytes)
Event: 154.093 Thread 0x00000253e54b3fa0 nmethod 17642 0x00000253cf78f610 code [0x00000253cf78f840, 0x00000253cf78fe68]
Event: 154.093 Thread 0x00000253e54b3fa0 17644       3       java.lang.String::equalsIgnoreCase (45 bytes)
Event: 154.094 Thread 0x00000253e54b3fa0 nmethod 17644 0x00000253cf790110 code [0x00000253cf790300, 0x00000253cf790868]
Event: 154.094 Thread 0x00000253e54b3fa0 17643   !   3       org.gradle.kotlin.dsl.provider.KotlinScriptClassPathProviderKt::toURI (69 bytes)
Event: 154.222 Thread 0x00000253e54b3fa0 nmethod 17643 0x00000253cf790a90 code [0x00000253cf790ca0, 0x00000253cf791168]

GC Heap History (20 events):
Event: 63.472 GC heap before
{Heap before GC invocations=49 (full 0):
 garbage-first heap   total 217088K, used 153592K [0x0000000080000000, 0x0000000100000000)
  region size 1024K, 44 young (45056K), 1 survivors (1024K)
 Metaspace       used 100332K, committed 101120K, reserved 1179648K
  class space    used 13820K, committed 14208K, reserved 1048576K
}
Event: 63.485 GC heap after
{Heap after GC invocations=50 (full 0):
 garbage-first heap   total 217088K, used 114171K [0x0000000080000000, 0x0000000100000000)
  region size 1024K, 5 young (5120K), 5 survivors (5120K)
 Metaspace       used 100332K, committed 101120K, reserved 1179648K
  class space    used 13820K, committed 14208K, reserved 1048576K
}
Event: 64.015 GC heap before
{Heap before GC invocations=50 (full 0):
 garbage-first heap   total 217088K, used 158203K [0x0000000080000000, 0x0000000100000000)
  region size 1024K, 49 young (50176K), 5 survivors (5120K)
 Metaspace       used 100883K, committed 101696K, reserved 1179648K
  class space    used 13871K, committed 14272K, reserved 1048576K
}
Event: 64.038 GC heap after
{Heap after GC invocations=51 (full 0):
 garbage-first heap   total 261120K, used 116689K [0x0000000080000000, 0x0000000100000000)
  region size 1024K, 5 young (5120K), 5 survivors (5120K)
 Metaspace       used 100883K, committed 101696K, reserved 1179648K
  class space    used 13871K, committed 14272K, reserved 1048576K
}
Event: 72.313 GC heap before
{Heap before GC invocations=51 (full 0):
 garbage-first heap   total 261120K, used 189393K [0x0000000080000000, 0x0000000100000000)
  region size 1024K, 77 young (78848K), 5 survivors (5120K)
 Metaspace       used 101748K, committed 102464K, reserved 1179648K
  class space    used 13979K, committed 14336K, reserved 1048576K
}
Event: 72.371 GC heap after
{Heap after GC invocations=52 (full 0):
 garbage-first heap   total 261120K, used 121376K [0x0000000080000000, 0x0000000100000000)
  region size 1024K, 10 young (10240K), 10 survivors (10240K)
 Metaspace       used 101748K, committed 102464K, reserved 1179648K
  class space    used 13979K, committed 14336K, reserved 1048576K
}
Event: 75.225 GC heap before
{Heap before GC invocations=52 (full 0):
 garbage-first heap   total 261120K, used 195104K [0x0000000080000000, 0x0000000100000000)
  region size 1024K, 83 young (84992K), 10 survivors (10240K)
 Metaspace       used 102959K, committed 103744K, reserved 1179648K
  class space    used 14123K, committed 14528K, reserved 1048576K
}
Event: 75.258 GC heap after
{Heap after GC invocations=53 (full 0):
 garbage-first heap   total 261120K, used 125330K [0x0000000080000000, 0x0000000100000000)
  region size 1024K, 7 young (7168K), 7 survivors (7168K)
 Metaspace       used 102959K, committed 103744K, reserved 1179648K
  class space    used 14123K, committed 14528K, reserved 1048576K
}
Event: 77.194 GC heap before
{Heap before GC invocations=53 (full 0):
 garbage-first heap   total 261120K, used 202130K [0x0000000080000000, 0x0000000100000000)
  region size 1024K, 81 young (82944K), 7 survivors (7168K)
 Metaspace       used 110682K, committed 111488K, reserved 1179648K
  class space    used 15101K, committed 15488K, reserved 1048576K
}
Event: 77.221 GC heap after
{Heap after GC invocations=54 (full 0):
 garbage-first heap   total 261120K, used 138914K [0x0000000080000000, 0x0000000100000000)
  region size 1024K, 11 young (11264K), 11 survivors (11264K)
 Metaspace       used 110682K, committed 111488K, reserved 1179648K
  class space    used 15101K, committed 15488K, reserved 1048576K
}
Event: 78.848 GC heap before
{Heap before GC invocations=54 (full 0):
 garbage-first heap   total 261120K, used 204450K [0x0000000080000000, 0x0000000100000000)
  region size 1024K, 74 young (75776K), 11 survivors (11264K)
 Metaspace       used 116159K, committed 116992K, reserved 1179648K
  class space    used 15936K, committed 16320K, reserved 1048576K
}
Event: 78.875 GC heap after
{Heap after GC invocations=55 (full 0):
 garbage-first heap   total 261120K, used 139800K [0x0000000080000000, 0x0000000100000000)
  region size 1024K, 6 young (6144K), 6 survivors (6144K)
 Metaspace       used 116159K, committed 116992K, reserved 1179648K
  class space    used 15936K, committed 16320K, reserved 1048576K
}
Event: 79.761 GC heap before
{Heap before GC invocations=55 (full 0):
 garbage-first heap   total 261120K, used 204312K [0x0000000080000000, 0x0000000100000000)
  region size 1024K, 70 young (71680K), 6 survivors (6144K)
 Metaspace       used 122324K, committed 123072K, reserved 1179648K
  class space    used 16998K, committed 17344K, reserved 1048576K
}
Event: 79.783 GC heap after
{Heap after GC invocations=56 (full 0):
 garbage-first heap   total 261120K, used 148004K [0x0000000080000000, 0x0000000100000000)
  region size 1024K, 9 young (9216K), 9 survivors (9216K)
 Metaspace       used 122324K, committed 123072K, reserved 1179648K
  class space    used 16998K, committed 17344K, reserved 1048576K
}
Event: 80.527 GC heap before
{Heap before GC invocations=56 (full 0):
 garbage-first heap   total 261120K, used 207396K [0x0000000080000000, 0x0000000100000000)
  region size 1024K, 68 young (69632K), 9 survivors (9216K)
 Metaspace       used 127391K, committed 128256K, reserved 1179648K
  class space    used 17820K, committed 18240K, reserved 1048576K
}
Event: 80.553 GC heap after
{Heap after GC invocations=57 (full 0):
 garbage-first heap   total 261120K, used 151789K [0x0000000080000000, 0x0000000100000000)
  region size 1024K, 4 young (4096K), 4 survivors (4096K)
 Metaspace       used 127391K, committed 128256K, reserved 1179648K
  class space    used 17820K, committed 18240K, reserved 1048576K
}
Event: 81.389 GC heap before
{Heap before GC invocations=57 (full 0):
 garbage-first heap   total 261120K, used 211181K [0x0000000080000000, 0x0000000100000000)
  region size 1024K, 62 young (63488K), 4 survivors (4096K)
 Metaspace       used 129856K, committed 130752K, reserved 1179648K
  class space    used 18209K, committed 18624K, reserved 1048576K
}
Event: 81.397 GC heap after
{Heap after GC invocations=58 (full 0):
 garbage-first heap   total 261120K, used 151504K [0x0000000080000000, 0x0000000100000000)
  region size 1024K, 4 young (4096K), 4 survivors (4096K)
 Metaspace       used 129856K, committed 130752K, reserved 1179648K
  class space    used 18209K, committed 18624K, reserved 1048576K
}
Event: 82.756 GC heap before
{Heap before GC invocations=58 (full 0):
 garbage-first heap   total 261120K, used 231376K [0x0000000080000000, 0x0000000100000000)
  region size 1024K, 65 young (66560K), 4 survivors (4096K)
 Metaspace       used 133734K, committed 134656K, reserved 1179648K
  class space    used 18899K, committed 19328K, reserved 1048576K
}
Event: 82.764 GC heap after
{Heap after GC invocations=59 (full 0):
 garbage-first heap   total 261120K, used 151060K [0x0000000080000000, 0x0000000100000000)
  region size 1024K, 3 young (3072K), 3 survivors (3072K)
 Metaspace       used 133734K, committed 134656K, reserved 1179648K
  class space    used 18899K, committed 19328K, reserved 1048576K
}

Dll operation events (3 events):
Event: 0.052 Loaded shared library C:\Program Files\Android\Android Studio\jbr\bin\java.dll
Event: 0.368 Loaded shared library C:\Program Files\Android\Android Studio\jbr\bin\zip.dll
Event: 0.950 Loaded shared library C:\Program Files\Android\Android Studio\jbr\bin\verify.dll

Deoptimization events (20 events):
Event: 127.651 Thread 0x00000253e565b540 DEOPT PACKING pc=0x00000253d5ae512c sp=0x0000005885dfb640
Event: 127.651 Thread 0x00000253e565b540 DEOPT UNPACKING pc=0x00000253d53169a3 sp=0x0000005885dfb578 mode 2
Event: 153.184 Thread 0x00000253e565b540 Uncommon trap: trap_request=0xfffffff4 fr.pc=0x00000253d5cccc08 relative=0x0000000000000728
Event: 153.185 Thread 0x00000253e565b540 Uncommon trap: reason=null_check action=make_not_entrant pc=0x00000253d5cccc08 method=org.gradle.util.internal.SimpleMapInterner.intern(Ljava/lang/Object;)Ljava/lang/Object; @ 2 c2
Event: 153.185 Thread 0x00000253e565b540 DEOPT PACKING pc=0x00000253d5cccc08 sp=0x0000005885df99f0
Event: 153.186 Thread 0x00000253e565b540 DEOPT UNPACKING pc=0x00000253d53169a3 sp=0x0000005885df99b8 mode 2
Event: 153.187 Thread 0x00000253e565b540 Uncommon trap: trap_request=0xffffff45 fr.pc=0x00000253d5cc9140 relative=0x00000000000006e0
Event: 153.187 Thread 0x00000253e565b540 Uncommon trap: reason=unstable_if action=reinterpret pc=0x00000253d5cc9140 method=org.gradle.util.internal.SimpleMapInterner.intern(Ljava/lang/String;)Ljava/lang/String; @ 1 c2
Event: 153.187 Thread 0x00000253e565b540 DEOPT PACKING pc=0x00000253d5cc9140 sp=0x0000005885df9980
Event: 153.187 Thread 0x00000253e565b540 DEOPT UNPACKING pc=0x00000253d53169a3 sp=0x0000005885df9948 mode 2
Event: 154.091 Thread 0x00000253e565b540 DEOPT PACKING pc=0x00000253ce5dbfd1 sp=0x0000005885df9130
Event: 154.092 Thread 0x00000253e565b540 DEOPT UNPACKING pc=0x00000253d5317143 sp=0x0000005885df8628 mode 0
Event: 154.103 Thread 0x00000253e565b540 DEOPT PACKING pc=0x00000253ce5dbfd1 sp=0x0000005885df9130
Event: 154.103 Thread 0x00000253e565b540 DEOPT UNPACKING pc=0x00000253d5317143 sp=0x0000005885df8628 mode 0
Event: 154.111 Thread 0x00000253e565b540 DEOPT PACKING pc=0x00000253ce5dbfd1 sp=0x0000005885df9130
Event: 154.111 Thread 0x00000253e565b540 DEOPT UNPACKING pc=0x00000253d5317143 sp=0x0000005885df8628 mode 0
Event: 154.139 Thread 0x00000253e565b540 DEOPT PACKING pc=0x00000253ce5dbfd1 sp=0x0000005885df8ee0
Event: 154.140 Thread 0x00000253e565b540 DEOPT UNPACKING pc=0x00000253d5317143 sp=0x0000005885df83d8 mode 0
Event: 154.141 Thread 0x00000253e565b540 DEOPT PACKING pc=0x00000253ce5dbfd1 sp=0x0000005885df8ee0
Event: 154.141 Thread 0x00000253e565b540 DEOPT UNPACKING pc=0x00000253d5317143 sp=0x0000005885df83d8 mode 0

Classes unloaded (0 events):
No events

Classes redefined (0 events):
No events

Internal exceptions (20 events):
Event: 82.884 Thread 0x00000253e565b540 Implicit null exception at 0x00000253d59c417a to 0x00000253d59c5f04
Event: 83.545 Thread 0x00000253f41ad230 Exception <a 'sun/nio/fs/WindowsException'{0x000000008ef60dd8}> (0x000000008ef60dd8) 
thrown [s\src\hotspot\share\prims\jni.cpp, line 531]
Event: 83.546 Thread 0x00000253f41ad230 Exception <a 'sun/nio/fs/WindowsException'{0x000000008ef618c8}> (0x000000008ef618c8) 
thrown [s\src\hotspot\share\prims\jni.cpp, line 531]
Event: 83.546 Thread 0x00000253f41ad230 Exception <a 'sun/nio/fs/WindowsException'{0x000000008ef62400}> (0x000000008ef62400) 
thrown [s\src\hotspot\share\prims\jni.cpp, line 531]
Event: 83.550 Thread 0x00000253f41ad230 Exception <a 'sun/nio/fs/WindowsException'{0x000000008ef6ac50}> (0x000000008ef6ac50) 
thrown [s\src\hotspot\share\prims\jni.cpp, line 531]
Event: 83.550 Thread 0x00000253f41ad230 Exception <a 'sun/nio/fs/WindowsException'{0x000000008ef6d770}> (0x000000008ef6d770) 
thrown [s\src\hotspot\share\prims\jni.cpp, line 531]
Event: 83.550 Thread 0x00000253f41ad230 Exception <a 'sun/nio/fs/WindowsException'{0x000000008ef6e2e0}> (0x000000008ef6e2e0) 
thrown [s\src\hotspot\share\prims\jni.cpp, line 531]
Event: 83.555 Thread 0x00000253f41ad230 Exception <a 'sun/nio/fs/WindowsException'{0x000000008ef78670}> (0x000000008ef78670) 
thrown [s\src\hotspot\share\prims\jni.cpp, line 531]
Event: 83.556 Thread 0x00000253f41ad230 Exception <a 'sun/nio/fs/WindowsException'{0x000000008ef79168}> (0x000000008ef79168) 
thrown [s\src\hotspot\share\prims\jni.cpp, line 531]
Event: 83.556 Thread 0x00000253f41ad230 Exception <a 'sun/nio/fs/WindowsException'{0x000000008ef79cb8}> (0x000000008ef79cb8) 
thrown [s\src\hotspot\share\prims\jni.cpp, line 531]
Event: 83.557 Thread 0x00000253f41ad230 Exception <a 'sun/nio/fs/WindowsException'{0x000000008ef7e000}> (0x000000008ef7e000) 
thrown [s\src\hotspot\share\prims\jni.cpp, line 531]
Event: 83.557 Thread 0x00000253f41ad230 Exception <a 'sun/nio/fs/WindowsException'{0x000000008ef7eb18}> (0x000000008ef7eb18) 
thrown [s\src\hotspot\share\prims\jni.cpp, line 531]
Event: 83.557 Thread 0x00000253f41ad230 Exception <a 'sun/nio/fs/WindowsException'{0x000000008ef7f690}> (0x000000008ef7f690) 
thrown [s\src\hotspot\share\prims\jni.cpp, line 531]
Event: 83.561 Thread 0x00000253f41ad230 Exception <a 'sun/nio/fs/WindowsException'{0x000000008ef849d0}> (0x000000008ef849d0) 
thrown [s\src\hotspot\share\prims\jni.cpp, line 531]
Event: 152.713 Thread 0x00000253e565b540 Exception <a 'sun/nio/fs/WindowsException'{0x000000008ebc8718}> (0x000000008ebc8718) 
thrown [s\src\hotspot\share\prims\jni.cpp, line 531]
Event: 152.726 Thread 0x00000253e565b540 Exception <a 'sun/nio/fs/WindowsException'{0x000000008ebc9ca0}> (0x000000008ebc9ca0) 
thrown [s\src\hotspot\share\prims\jni.cpp, line 531]
Event: 152.729 Thread 0x00000253e565b540 Exception <a 'sun/nio/fs/WindowsException'{0x000000008ebcb228}> (0x000000008ebcb228) 
thrown [s\src\hotspot\share\prims\jni.cpp, line 531]
Event: 152.731 Thread 0x00000253e565b540 Exception <a 'sun/nio/fs/WindowsException'{0x000000008ebcc790}> (0x000000008ebcc790) 
thrown [s\src\hotspot\share\prims\jni.cpp, line 531]
Event: 153.184 Thread 0x00000253e565b540 Implicit null exception at 0x00000253d5ccc50f to 0x00000253d5cccbf8
Event: 153.187 Thread 0x00000253e565b540 Implicit null exception at 0x00000253d5cc8a94 to 0x00000253d5cc9128

VM Operations (20 events):
Event: 124.829 Executing VM operation: Cleanup
Event: 124.972 Executing VM operation: Cleanup done
Event: 125.984 Executing VM operation: Cleanup
Event: 125.986 Executing VM operation: Cleanup done
Event: 126.994 Executing VM operation: Cleanup
Event: 127.018 Executing VM operation: Cleanup done
Event: 128.028 Executing VM operation: Cleanup
Event: 128.028 Executing VM operation: Cleanup done
Event: 136.097 Executing VM operation: Cleanup
Event: 136.098 Executing VM operation: Cleanup done
Event: 143.159 Executing VM operation: Cleanup
Event: 143.160 Executing VM operation: Cleanup done
Event: 149.219 Executing VM operation: Cleanup
Event: 149.250 Executing VM operation: Cleanup done
Event: 150.260 Executing VM operation: Cleanup
Event: 150.276 Executing VM operation: Cleanup done
Event: 152.278 Executing VM operation: Cleanup
Event: 152.295 Executing VM operation: Cleanup done
Event: 153.305 Executing VM operation: Cleanup
Event: 153.323 Executing VM operation: Cleanup done

Events (20 events):
Event: 124.057 Thread 0x00000253f4819e70 Thread added: 0x00000253f4819e70
Event: 124.167 Thread 0x00000253f481a890 Thread added: 0x00000253f481a890
Event: 124.366 Thread 0x00000253f481b2b0 Thread added: 0x00000253f481b2b0
Event: 124.455 loading class jdk/internal/math/FormattedFloatingDecimal$Form
Event: 124.641 loading class jdk/internal/math/FormattedFloatingDecimal$Form done
Event: 124.650 loading class jdk/internal/math/FormattedFloatingDecimal
Event: 124.965 loading class jdk/internal/math/FormattedFloatingDecimal done
Event: 124.976 loading class jdk/internal/math/FormattedFloatingDecimal$1
Event: 124.988 loading class jdk/internal/math/FormattedFloatingDecimal$1 done
Event: 125.076 loading class jdk/internal/math/FormattedFloatingDecimal$2
Event: 125.098 loading class jdk/internal/math/FormattedFloatingDecimal$2 done
Event: 125.248 Thread 0x00000253f481ada0 Thread added: 0x00000253f481ada0
Event: 125.315 Thread 0x00000253f4818f40 Thread added: 0x00000253f4818f40
Event: 127.237 Thread 0x00000253eeecde80 Thread added: 0x00000253eeecde80
Event: 142.542 Thread 0x00000253f41adc50 Thread exited: 0x00000253f41adc50
Event: 142.669 Thread 0x00000253ede66b40 Thread exited: 0x00000253ede66b40
Event: 143.575 Thread 0x00000253f41ad230 Thread exited: 0x00000253f41ad230
Event: 151.333 Thread 0x00000253eeece8a0 Thread added: 0x00000253eeece8a0
Event: 151.444 Thread 0x00000253eeecd460 Thread added: 0x00000253eeecd460
Event: 151.461 Thread 0x00000253ee7c4e00 Thread added: 0x00000253ee7c4e00


Dynamic libraries:
0x00007ff7e3b80000 - 0x00007ff7e3b8a000 	C:\Program Files\Android\Android Studio\jbr\bin\java.exe
0x00007fff287f0000 - 0x00007fff28a07000 	C:\WINDOWS\SYSTEM32\ntdll.dll
0x00007fff27520000 - 0x00007fff275e4000 	C:\WINDOWS\System32\KERNEL32.DLL
0x00007fff26130000 - 0x00007fff264ea000 	C:\WINDOWS\System32\KERNELBASE.dll
0x00007fff25b40000 - 0x00007fff25c51000 	C:\WINDOWS\System32\ucrtbase.dll
0x00007fff0f890000 - 0x00007fff0f8a7000 	C:\Program Files\Android\Android Studio\jbr\bin\jli.dll
0x00007fff21eb0000 - 0x00007fff21ecb000 	C:\Program Files\Android\Android Studio\jbr\bin\VCRUNTIME140.dll
0x00007fff26510000 - 0x00007fff266be000 	C:\WINDOWS\System32\USER32.dll
0x00007fff25fa0000 - 0x00007fff25fc6000 	C:\WINDOWS\System32\win32u.dll
0x00007fff26990000 - 0x00007fff269b9000 	C:\WINDOWS\System32\GDI32.dll
0x00007fff25c90000 - 0x00007fff25dab000 	C:\WINDOWS\System32\gdi32full.dll
0x00007fff26090000 - 0x00007fff2612a000 	C:\WINDOWS\System32\msvcp_win.dll
0x00007fff142f0000 - 0x00007fff14582000 	C:\WINDOWS\WinSxS\amd64_microsoft.windows.common-controls_6595b64144ccf1df_6.0.22621.4541_none_2710d1c57384c085\COMCTL32.dll
0x00007fff27320000 - 0x00007fff273c7000 	C:\WINDOWS\System32\msvcrt.dll
0x00007fff286b0000 - 0x00007fff286e1000 	C:\WINDOWS\System32\IMM32.DLL
0x00007fff21ea0000 - 0x00007fff21eac000 	C:\Program Files\Android\Android Studio\jbr\bin\vcruntime140_1.dll
0x00007ffee5be0000 - 0x00007ffee5c6d000 	C:\Program Files\Android\Android Studio\jbr\bin\msvcp140.dll
0x00007ffedff60000 - 0x00007ffee0be3000 	C:\Program Files\Android\Android Studio\jbr\bin\server\jvm.dll
0x00007fff286f0000 - 0x00007fff287a2000 	C:\WINDOWS\System32\ADVAPI32.dll
0x00007fff269c0000 - 0x00007fff26a67000 	C:\WINDOWS\System32\sechost.dll
0x00007fff25c60000 - 0x00007fff25c88000 	C:\WINDOWS\System32\bcrypt.dll
0x00007fff28490000 - 0x00007fff285a4000 	C:\WINDOWS\System32\RPCRT4.dll
0x00007fff21b00000 - 0x00007fff21b34000 	C:\WINDOWS\SYSTEM32\WINMM.dll
0x00007fff10ca0000 - 0x00007fff10ca9000 	C:\WINDOWS\SYSTEM32\WSOCK32.dll
0x00007fff24920000 - 0x00007fff2496d000 	C:\WINDOWS\SYSTEM32\POWRPROF.dll
0x00007fff26710000 - 0x00007fff26781000 	C:\WINDOWS\System32\WS2_32.dll
0x00007fff1e0b0000 - 0x00007fff1e0ba000 	C:\WINDOWS\SYSTEM32\VERSION.dll
0x00007fff24900000 - 0x00007fff24913000 	C:\WINDOWS\SYSTEM32\UMPDC.dll
0x00007fff24bd0000 - 0x00007fff24be8000 	C:\WINDOWS\SYSTEM32\kernel.appcore.dll
0x00007fff22870000 - 0x00007fff2287a000 	C:\Program Files\Android\Android Studio\jbr\bin\jimage.dll
0x00007fff20a50000 - 0x00007fff20c82000 	C:\WINDOWS\SYSTEM32\DBGHELP.DLL
0x00007fff26ef0000 - 0x00007fff2727f000 	C:\WINDOWS\System32\combase.dll
0x00007fff27440000 - 0x00007fff27517000 	C:\WINDOWS\System32\OLEAUT32.dll
0x00007fff04560000 - 0x00007fff04592000 	C:\WINDOWS\SYSTEM32\dbgcore.DLL
0x00007fff25db0000 - 0x00007fff25e2b000 	C:\WINDOWS\System32\bcryptPrimitives.dll
0x00007fff191b0000 - 0x00007fff191be000 	C:\Program Files\Android\Android Studio\jbr\bin\instrument.dll
0x00007fff192a0000 - 0x00007fff192c5000 	C:\Program Files\Android\Android Studio\jbr\bin\java.dll
0x00007fff21d90000 - 0x00007fff21da8000 	C:\Program Files\Android\Android Studio\jbr\bin\zip.dll
0x00007fff27700000 - 0x00007fff27f78000 	C:\WINDOWS\System32\SHELL32.dll
0x00007fff239c0000 - 0x00007fff242c8000 	C:\WINDOWS\SYSTEM32\windows.storage.dll
0x00007fff23880000 - 0x00007fff239bf000 	C:\WINDOWS\SYSTEM32\wintypes.dll
0x00007fff285b0000 - 0x00007fff286aa000 	C:\WINDOWS\System32\SHCORE.dll
0x00007fff28430000 - 0x00007fff2848e000 	C:\WINDOWS\System32\shlwapi.dll
0x00007fff259f0000 - 0x00007fff25a1b000 	C:\WINDOWS\SYSTEM32\profapi.dll
0x00007fff1e860000 - 0x00007fff1e879000 	C:\Program Files\Android\Android Studio\jbr\bin\net.dll
0x00007fff215d0000 - 0x00007fff21706000 	C:\WINDOWS\SYSTEM32\WINHTTP.dll
0x00007fff25070000 - 0x00007fff250d9000 	C:\WINDOWS\system32\mswsock.dll
0x00007fff19280000 - 0x00007fff19296000 	C:\Program Files\Android\Android Studio\jbr\bin\nio.dll
0x00007fff203e0000 - 0x00007fff203f0000 	C:\Program Files\Android\Android Studio\jbr\bin\verify.dll
0x00007fff08350000 - 0x00007fff08377000 	C:\Users\sasha\.gradle\native\c067742578af261105cb4f569cf0c3c89f3d7b1fecec35dd04571415982c5e48\windows-amd64\native-platform.dll
0x00007ffee4e20000 - 0x00007ffee4f64000 	C:\Users\sasha\.gradle\native\38dada09dfb8b06ba9b0570ebf7e218e3eb74d4ef43ca46872605cf95ebc2f47\windows-amd64\native-platform-file-events.dll
0x00007fff21ee0000 - 0x00007fff21ee9000 	C:\Program Files\Android\Android Studio\jbr\bin\management.dll
0x00007fff21d00000 - 0x00007fff21d0b000 	C:\Program Files\Android\Android Studio\jbr\bin\management_ext.dll
0x00007fff281b0000 - 0x00007fff281b8000 	C:\WINDOWS\System32\PSAPI.DLL
0x00007fff252c0000 - 0x00007fff252db000 	C:\WINDOWS\SYSTEM32\CRYPTSP.dll
0x00007fff24b20000 - 0x00007fff24b55000 	C:\WINDOWS\system32\rsaenh.dll
0x00007fff25160000 - 0x00007fff25188000 	C:\WINDOWS\SYSTEM32\USERENV.dll
0x00007fff252e0000 - 0x00007fff252ec000 	C:\WINDOWS\SYSTEM32\CRYPTBASE.dll
0x00007fff245a0000 - 0x00007fff245cd000 	C:\WINDOWS\SYSTEM32\IPHLPAPI.DLL
0x00007fff27430000 - 0x00007fff27439000 	C:\WINDOWS\System32\NSI.dll
0x00007fff21890000 - 0x00007fff218a9000 	C:\WINDOWS\SYSTEM32\dhcpcsvc6.DLL
0x00007fff21870000 - 0x00007fff2188f000 	C:\WINDOWS\SYSTEM32\dhcpcsvc.DLL
0x00007fff245d0000 - 0x00007fff246d2000 	C:\WINDOWS\SYSTEM32\DNSAPI.dll
0x00007fff227a0000 - 0x00007fff227a9000 	C:\Program Files\Android\Android Studio\jbr\bin\extnet.dll
0x00007fff0c6f0000 - 0x00007fff0c6f8000 	C:\WINDOWS\system32\wshunix.dll
0x00007fff24ce0000 - 0x00007fff24d14000 	C:\WINDOWS\SYSTEM32\ntmarta.dll

dbghelp: loaded successfully - version: 4.0.5 - missing functions: none
symbol engine: initialized successfully - sym options: 0x614 - pdb path: .;C:\Program Files\Android\Android Studio\jbr\bin;C:\WINDOWS\SYSTEM32;C:\WINDOWS\WinSxS\amd64_microsoft.windows.common-controls_6595b64144ccf1df_6.0.22621.4541_none_2710d1c57384c085;C:\Program Files\Android\Android Studio\jbr\bin\server;C:\Users\sasha\.gradle\native\c067742578af261105cb4f569cf0c3c89f3d7b1fecec35dd04571415982c5e48\windows-amd64;C:\Users\sasha\.gradle\native\38dada09dfb8b06ba9b0570ebf7e218e3eb74d4ef43ca46872605cf95ebc2f47\windows-amd64

VM Arguments:
jvm_args: --add-opens=java.base/java.util=ALL-UNNAMED --add-opens=java.base/java.lang=ALL-UNNAMED --add-opens=java.base/java.lang.invoke=ALL-UNNAMED --add-opens=java.prefs/java.util.prefs=ALL-UNNAMED --add-opens=java.base/java.nio.charset=ALL-UNNAMED --add-opens=java.base/java.net=ALL-UNNAMED --add-opens=java.base/java.util.concurrent.atomic=ALL-UNNAMED -Xmx2048m -Dfile.encoding=UTF-8 -Duser.country=RU -Duser.language=ru -Duser.variant -javaagent:C:\Users\sasha\.gradle\wrapper\dists\gradle-8.7-bin\bhs2wmbdwecv87pi65oeuq5iu\gradle-8.7\lib\agents\gradle-instrumentation-agent-8.7.jar 
java_command: org.gradle.launcher.daemon.bootstrap.GradleDaemon 8.7
java_class_path (initial): C:\Users\sasha\.gradle\wrapper\dists\gradle-8.7-bin\bhs2wmbdwecv87pi65oeuq5iu\gradle-8.7\lib\gradle-launcher-8.7.jar
Launcher Type: SUN_STANDARD

[Global flags]
     intx CICompilerCount                          = 4                                         {product} {ergonomic}
     uint ConcGCThreads                            = 3                                         {product} {ergonomic}
     uint G1ConcRefinementThreads                  = 10                                        {product} {ergonomic}
   size_t G1HeapRegionSize                         = 1048576                                   {product} {ergonomic}
    uintx GCDrainStackTargetSize                   = 64                                        {product} {ergonomic}
   size_t InitialHeapSize                          = 58720256                                  {product} {ergonomic}
   size_t MarkStackSize                            = 4194304                                   {product} {ergonomic}
   size_t MaxHeapSize                              = 2147483648                                {product} {command line}
   size_t MaxNewSize                               = 1287651328                                {product} {ergonomic}
   size_t MinHeapDeltaBytes                        = 1048576                                   {product} {ergonomic}
   size_t MinHeapSize                              = 8388608                                   {product} {ergonomic}
    uintx NonNMethodCodeHeapSize                   = 5839372                                {pd product} {ergonomic}
    uintx NonProfiledCodeHeapSize                  = 122909434                              {pd product} {ergonomic}
    uintx ProfiledCodeHeapSize                     = 122909434                              {pd product} {ergonomic}
    uintx ReservedCodeCacheSize                    = 251658240                              {pd product} {ergonomic}
     bool SegmentedCodeCache                       = true                                      {product} {ergonomic}
   size_t SoftMaxHeapSize                          = 2147483648                             {manageable} {ergonomic}
     bool UseCompressedClassPointers               = true                           {product lp64_product} {ergonomic}
     bool UseCompressedOops                        = true                           {product lp64_product} {ergonomic}
     bool UseG1GC                                  = true                                      {product} {ergonomic}
     bool UseLargePagesIndividualAllocation        = false                                  {pd product} {ergonomic}

Logging:
Log output configuration:
 #0: stdout all=warning uptime,level,tags
 #1: stderr all=off uptime,level,tags

Environment Variables:
PATH=C:\Users\sasha\gcc\bin;C:\Users\sasha\gcc\libexec\gcc\x86_64-w64-mingw32\13.2.0;C:\Program Files (x86)\Common Files\Oracle\Java\javapath;C:\WINDOWS\system32;C:\WINDOWS;C:\WINDOWS\System32\Wbem;C:\WINDOWS\System32\WindowsPowerShell\v1.0\;C:\WINDOWS\System32\OpenSSH\;C:\Program Files\dotnet\;C:\WINDOWS\system32;C:\WINDOWS;C:\WINDOWS\System32\Wbem;C:\WINDOWS\System32\WindowsPowerShell\v1.0\;C:\WINDOWS\System32\OpenSSH\;C:\Users\sasha\AppData\Local\Microsoft\WindowsApps;C:\Users\sasha\.dotnet\tools;C:\Users\sasha\AppData\Local\Programs\Microsoft VS Code\bin;C:\Users\sasha\AppData\Local\GitHubDesktop\bin
USERNAME=sasha
OS=Windows_NT
PROCESSOR_IDENTIFIER=AMD64 Family 23 Model 104 Stepping 1, AuthenticAMD
TMP=C:\Users\sasha\AppData\Local\Temp
TEMP=C:\Users\sasha\AppData\Local\Temp



Periodic native trim disabled

JNI global refs:
JNI global refs: 28, weak refs: 2

JNI global refs memory usage: 843, weak refs: 841

Process memory usage:
Resident Set Size: 110148K (3% of 3567688K total physical memory with 51816K free physical memory)

OOME stack traces (most recent first):
Classloader memory used:
Loader org.gradle.internal.classloader.VisitableURLClassLoader$InstrumentingVisitableURLClassLoader: 5839K
Loader org.gradle.internal.classloader.VisitableURLClassLoader                         : 4964K
Loader bootstrap                                                                       : 3389K
Loader org.gradle.initialization.MixInLegacyTypesClassLoader                           : 1443K
Loader jdk.internal.loader.ClassLoaders$AppClassLoader                                 : 1015K
Loader jdk.internal.reflect.DelegatingClassLoader                                      : 107K
Loader jdk.internal.loader.ClassLoaders$PlatformClassLoader                            : 95324B
Loader org.gradle.internal.classloader.VisitableURLClassLoader                         : 28022B
Loader sun.reflect.misc.MethodUtil                                                     : 373B


[error occurred during error reporting (Classloader stats), id 0xe0000001, Out of Memory Error (s\src\hotspot\share\memory\arena.cpp:79)]


---------------  S Y S T E M  ---------------

OS:
 Windows 11 , 64 bit Build 22621 (10.0.22621.4391)
OS uptime: 2 days 8:31 hours
Hyper-V role detected

CPU: total 12 (initial active 12) (12 cores per cpu, 2 threads per core) family 23 model 104 stepping 1 microcode 0x0, cx8, cmov, fxsr, ht, mmx, 3dnowpref, sse, sse2, sse3, ssse3, sse4a, sse4.1, sse4.2, popcnt, lzcnt, tsc, tscinvbit, avx, avx2, aes, clmul, bmi1, bmi2, adx, sha, fma, vzeroupper, clflush, clflushopt, hv
Processor Information for processor 0
  Max Mhz: 2100, Current Mhz: 1893, Mhz Limit: 2100
Processor Information for processor 1
  Max Mhz: 2100, Current Mhz: 1893, Mhz Limit: 2100
Processor Information for processor 2
  Max Mhz: 2100, Current Mhz: 1893, Mhz Limit: 2100
Processor Information for processor 3
  Max Mhz: 2100, Current Mhz: 1813, Mhz Limit: 2100
Processor Information for processor 4
  Max Mhz: 2100, Current Mhz: 1813, Mhz Limit: 2100
Processor Information for processor 5
  Max Mhz: 2100, Current Mhz: 1813, Mhz Limit: 2100
Processor Information for processor 6
  Max Mhz: 2100, Current Mhz: 1893, Mhz Limit: 2100
Processor Information for processor 7
  Max Mhz: 2100, Current Mhz: 1893, Mhz Limit: 2100
Processor Information for processor 8
  Max Mhz: 2100, Current Mhz: 1813, Mhz Limit: 2100
Processor Information for processor 9
  Max Mhz: 2100, Current Mhz: 1813, Mhz Limit: 2100
Processor Information for processor 10
  Max Mhz: 2100, Current Mhz: 1813, Mhz Limit: 2100
Processor Information for processor 11
  Max Mhz: 2100, Current Mhz: 1813, Mhz Limit: 2100

Memory: 4k page, system-wide physical 3484M (43M free)
TotalPageFile size 14236M (AvailPageFile size 0M)
current process WorkingSet (physical memory assigned to process): 122M, peak: 411M
current process commit charge ("private bytes"): 603M, peak: 633M

vm_info: OpenJDK 64-Bit Server VM (17.0.11+0--11852314) for windows-amd64 JRE (17.0.11+0--11852314), built on May 16 2024 21:29:20 by "androidbuild" with MS VC++ 16.10 / 16.11 (VS2019)

END.
